[ 2023-05-14 15:15:10,947 ] 12 root - INFO: TRAINING PIPELINE INITIATED
[ 2023-05-14 15:15:10,947 ] 29 root - INFO: Data ingestion initiated in ingest() at data_ingestion.py
[ 2023-05-14 15:15:10,947 ] 27 root - INFO: filepath: [C:\Users\U1143589\Learning\iNeuron\ML\Food_delivery_time\dataset\food_delivery.csv] received in utils.read_csv
[ 2023-05-14 15:15:11,107 ] 29 root - INFO: csv read and loaded
[ 2023-05-14 15:15:11,136 ] 31 root - INFO: Input file loaded and returned to ingest() at data_ingestion.py, Dataframe shape: (45584, 20)
       ID Delivery_person_ID  Delivery_person_Age  Delivery_person_Ratings  ...  multiple_deliveries  Festival           City  Time_taken (min)
0  0xcdcd      DEHRES17DEL01                 36.0                      4.2  ...                  3.0        No  Metropolitian                46
1  0xd987      KOCRES16DEL01                 21.0                      4.7  ...                  1.0        No  Metropolitian                23
2  0x2784     PUNERES13DEL03                 23.0                      4.7  ...                  1.0        No  Metropolitian                21
3  0xc8b6     LUDHRES15DEL02                 34.0                      4.3  ...                  0.0        No  Metropolitian                20
4  0xdb64      KNPRES14DEL02                 24.0                      4.7  ...                  1.0        No  Metropolitian                41

[5 rows x 20 columns]
[ 2023-05-14 15:15:11,165 ] 34 root - INFO: Train_test_split achieved - train shape: [(31908, 20)], test shape [(13676, 20)]
[ 2023-05-14 15:15:11,165 ] 44 root - INFO: Dataframe Received for saving. Shape: (31908, 20)
[ 2023-05-14 15:15:11,492 ] 46 root - INFO: Dataframe saved as csv to path - [ C:\Users\U1143589\Learning\iNeuron\ML\Food_delivery_time\artifacts\train.csv ]
[ 2023-05-14 15:15:11,492 ] 37 root - INFO: Train csv saved and confirmed from DataIngestor.ingest() at data_ingestion.py
[ 2023-05-14 15:15:11,492 ] 44 root - INFO: Dataframe Received for saving. Shape: (13676, 20)
[ 2023-05-14 15:15:11,632 ] 46 root - INFO: Dataframe saved as csv to path - [ C:\Users\U1143589\Learning\iNeuron\ML\Food_delivery_time\artifacts\test.csv ]
[ 2023-05-14 15:15:11,632 ] 39 root - INFO: Test csv saved and confirmed from DataIngestor.ingest() at data_ingestion.py
[ 2023-05-14 15:15:11,632 ] 41 root - INFO: Data ingestion completed in DataIngestor.ingest() at data_ingestion.py
[ 2023-05-14 15:15:11,639 ] 18 root - INFO: DATA INGESTION COMPLETE
[ 2023-05-14 15:15:11,639 ] 24 root - INFO: transformation INITIATED in Preprocessor.transform() at data_transformation.py
[ 2023-05-14 15:15:11,639 ] 27 root - INFO: filepath: [C:\Users\U1143589\Learning\iNeuron\ML\Food_delivery_time\artifacts\train.csv] received in utils.read_csv
[ 2023-05-14 15:15:11,757 ] 29 root - INFO: csv read and loaded
[ 2023-05-14 15:15:11,758 ] 27 root - INFO: filepath: [C:\Users\U1143589\Learning\iNeuron\ML\Food_delivery_time\artifacts\test.csv] received in utils.read_csv
[ 2023-05-14 15:15:11,810 ] 29 root - INFO: csv read and loaded
[ 2023-05-14 15:15:11,810 ] 29 root - INFO: train and test csv loaded, train shape: (31908, 20), test shape: (13676, 20)
[ 2023-05-14 15:15:11,810 ] 32 root - INFO: CALLING on utils to clean train and test dfs in Preprocessor.transform() at data_transformation.py, train shape: (31908, 20), test shape: (13676, 20)
[ 2023-05-14 15:15:11,810 ] 87 root - INFO: df received for cleaning in clean() at utils.py, shape: (31908, 20)
[ 2023-05-14 15:15:11,820 ] 89 root - INFO: ID column dropped
[ 2023-05-14 15:15:11,910 ] 97 root - INFO: Records with faulty time dropped
[ 2023-05-14 15:15:11,910 ] 99 root - INFO: df cleaning complete in clean() at utils.py, shape: (31908, 19), and returned
[ 2023-05-14 15:15:11,911 ] 87 root - INFO: df received for cleaning in clean() at utils.py, shape: (13676, 20)
[ 2023-05-14 15:15:11,915 ] 89 root - INFO: ID column dropped
[ 2023-05-14 15:15:11,950 ] 97 root - INFO: Records with faulty time dropped
[ 2023-05-14 15:15:11,950 ] 99 root - INFO: df cleaning complete in clean() at utils.py, shape: (13676, 19), and returned
[ 2023-05-14 15:15:11,950 ] 35 root - INFO: clean train and test dfs RECEIVED in Preprocessor.transform() at data_transformation.py, train shape: (25050, 19), test shape: (10768, 19)
[ 2023-05-14 15:15:11,950 ] 38 root - INFO: CALLING on utils to Feature Engineer train and test dfs in Preprocessor.transform() at data_transformation.py, train shape: (25050, 19), test shape: (10768, 19)
[ 2023-05-14 15:15:11,950 ] 147 root - INFO: df received for Feature engineering, shape: (25050, 19) in apply_feature_engineering() at utils.py
[ 2023-05-14 15:15:12,617 ] 150 root - INFO: Time_Orderd and Time_Order_picked columns converted to hours
[ 2023-05-14 15:15:13,165 ] 155 root - INFO: Order_Date split to Order_Day and Order_Month
[ 2023-05-14 15:15:18,885 ] 161 root - INFO: Geo_Distance column added
[ 2023-05-14 15:15:18,886 ] 163 root - INFO: df feature engineering steps complete in apply_feature_engineering() at utils.py, shape: (25050, 21), and returned
[ 2023-05-14 15:15:18,886 ] 147 root - INFO: df received for Feature engineering, shape: (10768, 19) in apply_feature_engineering() at utils.py
[ 2023-05-14 15:15:19,089 ] 150 root - INFO: Time_Orderd and Time_Order_picked columns converted to hours
[ 2023-05-14 15:15:19,260 ] 155 root - INFO: Order_Date split to Order_Day and Order_Month
[ 2023-05-14 15:15:21,402 ] 161 root - INFO: Geo_Distance column added
[ 2023-05-14 15:15:21,402 ] 163 root - INFO: df feature engineering steps complete in apply_feature_engineering() at utils.py, shape: (10768, 21), and returned
[ 2023-05-14 15:15:21,402 ] 41 root - INFO: Feature Engineered train and test dfs RECEIVED in Preprocessor.transform() at data_transformation.py, train shape: (25050, 21), test shape: (10768, 21)
[ 2023-05-14 15:15:21,408 ] 48 root - INFO: X-y split achieved
[ 2023-05-14 15:15:21,409 ] 51 root - INFO: CALLING on utils to transform train and test dfs in Preprocessor.transform() at data_transformation.py, train shape: (25050, 21), test shape: (10768, 21)
[ 2023-05-14 15:15:21,409 ] 207 root - INFO: dfs recieved for fit-transformation in apply_data_transformations() at utils.py, train_shape:(25050, 20), test_shape: (10768, 20)
[ 2023-05-14 15:15:21,497 ] 54 root - INFO: ColumnTransformer(transformers=[('numeric_imputer',
                                 SimpleImputer(strategy='median'),
                                 ['Delivery_person_Age',
                                  'Delivery_person_Ratings',
                                  'Restaurant_latitude', 'Restaurant_longitude',
                                  'Delivery_location_latitude',
                                  'Delivery_location_longitude', 'Time_Orderd',
                                  'Time_Order_picked', 'Vehicle_condition',
                                  'multiple_deliveries', 'Order_Day',
                                  'Order_Month', 'Geo_Distance']),
                                ('categoric_imputation',
                                 SimpleImputer(strategy='most_frequent'),
                                 ['Delivery_person_ID', 'Weather_conditions',
                                  'Road_traffic_density', 'Type_of_order',
                                  'Type_of_vehicle', 'Festival', 'City'])]) received for shelving in shelve_this_preprocessor() at utils.py
[ 2023-05-14 15:15:21,517 ] 64 root - INFO: [ColumnTransformer(transformers=[('numeric_imputer',
                                 SimpleImputer(strategy='median'),
                                 ['Delivery_person_Age',
                                  'Delivery_person_Ratings',
                                  'Restaurant_latitude', 'Restaurant_longitude',
                                  'Delivery_location_latitude',
                                  'Delivery_location_longitude', 'Time_Orderd',
                                  'Time_Order_picked', 'Vehicle_condition',
                                  'multiple_deliveries', 'Order_Day',
                                  'Order_Month', 'Geo_Distance']),
                                ('categoric_imputation',
                                 SimpleImputer(strategy='most_frequent'),
                                 ['Delivery_person_ID', 'Weather_conditions',
                                  'Road_traffic_density', 'Type_of_order',
                                  'Type_of_vehicle', 'Festival', 'City'])])] shelved with identifier [imputer] in shelve_this_preprocessor() at utils.py
[ 2023-05-14 15:15:21,578 ] 229 root - INFO: imputation completed at utils.py, train_shape:(25050, 20), test_shape: (10768, 20)
 number of train columns with null values [0], number of test columns with null values [0]
[ 2023-05-14 15:15:21,584 ] 54 root - INFO: LabelEncoder() received for shelving in shelve_this_preprocessor() at utils.py
[ 2023-05-14 15:15:21,594 ] 64 root - INFO: [LabelEncoder()] shelved with identifier [encoder_Delivery_person_ID] in shelve_this_preprocessor() at utils.py
[ 2023-05-14 15:15:21,604 ] 54 root - INFO: LabelEncoder() received for shelving in shelve_this_preprocessor() at utils.py
[ 2023-05-14 15:15:21,614 ] 64 root - INFO: [LabelEncoder()] shelved with identifier [encoder_Road_traffic_density] in shelve_this_preprocessor() at utils.py
[ 2023-05-14 15:15:21,621 ] 54 root - INFO: LabelEncoder() received for shelving in shelve_this_preprocessor() at utils.py
[ 2023-05-14 15:15:21,631 ] 64 root - INFO: [LabelEncoder()] shelved with identifier [encoder_Type_of_vehicle] in shelve_this_preprocessor() at utils.py
[ 2023-05-14 15:15:21,638 ] 54 root - INFO: LabelEncoder() received for shelving in shelve_this_preprocessor() at utils.py
[ 2023-05-14 15:15:21,648 ] 64 root - INFO: [LabelEncoder()] shelved with identifier [encoder_City] in shelve_this_preprocessor() at utils.py
[ 2023-05-14 15:15:21,655 ] 54 root - INFO: LabelEncoder() received for shelving in shelve_this_preprocessor() at utils.py
[ 2023-05-14 15:15:21,666 ] 64 root - INFO: [LabelEncoder()] shelved with identifier [encoder_Weather_conditions] in shelve_this_preprocessor() at utils.py
[ 2023-05-14 15:15:21,673 ] 54 root - INFO: LabelEncoder() received for shelving in shelve_this_preprocessor() at utils.py
[ 2023-05-14 15:15:21,683 ] 64 root - INFO: [LabelEncoder()] shelved with identifier [encoder_Type_of_order] in shelve_this_preprocessor() at utils.py
[ 2023-05-14 15:15:21,691 ] 54 root - INFO: LabelEncoder() received for shelving in shelve_this_preprocessor() at utils.py
[ 2023-05-14 15:15:21,701 ] 64 root - INFO: [LabelEncoder()] shelved with identifier [encoder_Festival] in shelve_this_preprocessor() at utils.py
[ 2023-05-14 15:15:21,707 ] 242 root - INFO: encoding completed at utils.py, train_shape:(25050, 20), test_shape: (10768, 20)
[ 2023-05-14 15:15:21,724 ] 243 root - INFO: X_train:
  Delivery_person_Age Delivery_person_Ratings Restaurant_latitude Restaurant_longitude  ... Type_of_order Type_of_vehicle Festival City
0                26.0                     4.8           12.321214            76.621094  ...             3               2        0    0
1                30.0                     4.9           12.323994            76.626167  ...             2               1        0    0
2                38.0                     4.8                 0.0                  0.0  ...             0               2        0    2
3                23.0                     4.7           26.914142            75.805704  ...             0               1        0    2
4                22.0                     4.9           11.003008             76.97544  ...             2               2        0    0

[5 rows x 20 columns]
[ 2023-05-14 15:15:21,805 ] 54 root - INFO: ColumnTransformer(transformers=[('scaler', StandardScaler(),
                                 ['Delivery_person_Age',
                                  'Delivery_person_Ratings',
                                  'Restaurant_latitude', 'Restaurant_longitude',
                                  'Delivery_location_latitude',
                                  'Delivery_location_longitude', 'Time_Orderd',
                                  'Time_Order_picked', 'Vehicle_condition',
                                  'multiple_deliveries', 'Order_Day',
                                  'Order_Month', 'Geo_Distance',
                                  'Delivery_person_ID', 'Weather_conditions',
                                  'Road_traffic_density', 'Type_of_order',
                                  'Type_of_vehicle', 'Festival', 'City'])]) received for shelving in shelve_this_preprocessor() at utils.py
[ 2023-05-14 15:15:21,816 ] 64 root - INFO: [ColumnTransformer(transformers=[('scaler', StandardScaler(),
                                 ['Delivery_person_Age',
                                  'Delivery_person_Ratings',
                                  'Restaurant_latitude', 'Restaurant_longitude',
                                  'Delivery_location_latitude',
                                  'Delivery_location_longitude', 'Time_Orderd',
                                  'Time_Order_picked', 'Vehicle_condition',
                                  'multiple_deliveries', 'Order_Day',
                                  'Order_Month', 'Geo_Distance',
                                  'Delivery_person_ID', 'Weather_conditions',
                                  'Road_traffic_density', 'Type_of_order',
                                  'Type_of_vehicle', 'Festival', 'City'])])] shelved with identifier [scaler] in shelve_this_preprocessor() at utils.py
[ 2023-05-14 15:15:21,892 ] 254 root - INFO: scaling completed at utils.py
[ 2023-05-14 15:15:21,892 ] 256 root - INFO: dfs fit-transformation COMPLETED in apply_data_transformations() at utils.py, train_shape:(25050, 20), test_shape: (10768, 20)
[ 2023-05-14 15:15:21,893 ] 53 root - INFO: Transformed train and test dfs RECEIVED in Preprocessor.transform() at data_transformation.py, train shape: (25050, 21), test shape: (10768, 21)
[ 2023-05-14 15:15:21,916 ] 25 root - INFO: DATA PREPROCESSING COMPLETE
[ 2023-05-14 15:15:21,917 ] 39 root - INFO: model training INITIATED in Trainer.train() at model_trainer.py
[ 2023-05-14 15:15:21,918 ] 47 root - INFO: looping over all algorithms initiated
[ 2023-05-14 15:15:21,918 ] 50 root - INFO: CALLING on utils to evaluate algorithm [LinearRegression] from Trainer.train() at model_trainer.py
[ 2023-05-14 15:15:21,946 ] 53 root - INFO: RETURNED to Trainer.train() at model_trainer.py algorithm after model evaluation of [LinearRegression] with object [LinearRegression(), r2_score is [0.5152472097506463]] 
[ 2023-05-14 15:15:21,946 ] 54 root - INFO: algo performance report updated
[ 2023-05-14 15:15:21,946 ] 50 root - INFO: CALLING on utils to evaluate algorithm [Ridge] from Trainer.train() at model_trainer.py
[ 2023-05-14 15:15:21,958 ] 53 root - INFO: RETURNED to Trainer.train() at model_trainer.py algorithm after model evaluation of [Ridge] with object [Ridge(), r2_score is [0.47048562472576294]] 
[ 2023-05-14 15:15:21,958 ] 54 root - INFO: algo performance report updated
[ 2023-05-14 15:15:21,958 ] 50 root - INFO: CALLING on utils to evaluate algorithm [Lasso] from Trainer.train() at model_trainer.py
[ 2023-05-14 15:15:21,987 ] 53 root - INFO: RETURNED to Trainer.train() at model_trainer.py algorithm after model evaluation of [Lasso] with object [Lasso(), r2_score is [0.37745038923656815]] 
[ 2023-05-14 15:15:21,988 ] 54 root - INFO: algo performance report updated
[ 2023-05-14 15:15:21,988 ] 50 root - INFO: CALLING on utils to evaluate algorithm [ElasticNet] from Trainer.train() at model_trainer.py
[ 2023-05-14 15:15:22,013 ] 53 root - INFO: RETURNED to Trainer.train() at model_trainer.py algorithm after model evaluation of [ElasticNet] with object [ElasticNet(), r2_score is [0.3834706562230459]] 
[ 2023-05-14 15:15:22,014 ] 54 root - INFO: algo performance report updated
[ 2023-05-14 15:15:22,015 ] 58 root - INFO: best algorithm evaluated to be [LinearRegression] with object type [<class 'sklearn.linear_model._base.LinearRegression'>]
[ 2023-05-14 15:15:22,031 ] 62 root - INFO: best model: [LinearRegression] fitted with parameters [{'copy_X': True, 'fit_intercept': True, 'n_jobs': None, 'positive': False}]
[ 2023-05-14 15:15:22,032 ] 64 root - INFO: CALLING on utils to pickle best model
[ 2023-05-14 15:15:22,033 ] 66 root - INFO: RETURNED to to Trainer.train() at model_trainer.py with best model pickled at C:\Users\U1143589\Learning\iNeuron\ML\Food_delivery_time\artifacts\model.pkl
[ 2023-05-14 15:15:22,033 ] 68 root - INFO: model training COMPLETE
[ 2023-05-14 15:15:22,034 ] 30 root - INFO: MODEL TRAINING COMPLETE
[ 2023-05-14 15:15:22,034 ] 32 root - INFO: TRAINING PIPELINE SUCCESSFULLY TERMINATED
