[ 2023-05-15 07:27:54,955 ] 14 root - INFO: TRAINING PIPELINE INITIATED
[ 2023-05-15 07:27:54,956 ] 29 root - INFO: Data ingestion initiated in ingest() at data_ingestion.py
[ 2023-05-15 07:27:54,956 ] 36 root - INFO: filepath: [C:\Users\U1143589\Learning\iNeuron\ML\Food_delivery_time\dataset\food_delivery.csv] received in utils.read_csv
[ 2023-05-15 07:27:55,129 ] 38 root - INFO: csv read and loaded
[ 2023-05-15 07:27:55,158 ] 31 root - INFO: Input file loaded and returned to ingest() at data_ingestion.py, Dataframe shape: (45584, 20)
       ID Delivery_person_ID  Delivery_person_Age  Delivery_person_Ratings  ...  multiple_deliveries  Festival           City  Time_taken (min)
0  0xcdcd      DEHRES17DEL01                 36.0                      4.2  ...                  3.0        No  Metropolitian                46
1  0xd987      KOCRES16DEL01                 21.0                      4.7  ...                  1.0        No  Metropolitian                23
2  0x2784     PUNERES13DEL03                 23.0                      4.7  ...                  1.0        No  Metropolitian                21
3  0xc8b6     LUDHRES15DEL02                 34.0                      4.3  ...                  0.0        No  Metropolitian                20
4  0xdb64      KNPRES14DEL02                 24.0                      4.7  ...                  1.0        No  Metropolitian                41

[5 rows x 20 columns]
[ 2023-05-15 07:27:55,182 ] 34 root - INFO: Train_test_split achieved - train shape: [(31908, 20)], test shape [(13676, 20)]
[ 2023-05-15 07:27:55,182 ] 53 root - INFO: Dataframe Received for saving. Shape: (31908, 20)
[ 2023-05-15 07:27:55,475 ] 55 root - INFO: Dataframe saved as csv to path - [ C:\Users\U1143589\Learning\iNeuron\ML\Food_delivery_time\artifacts\train.csv ]
[ 2023-05-15 07:27:55,475 ] 37 root - INFO: Train csv saved and confirmed from DataIngestor.ingest() at data_ingestion.py
[ 2023-05-15 07:27:55,475 ] 53 root - INFO: Dataframe Received for saving. Shape: (13676, 20)
[ 2023-05-15 07:27:55,622 ] 55 root - INFO: Dataframe saved as csv to path - [ C:\Users\U1143589\Learning\iNeuron\ML\Food_delivery_time\artifacts\test.csv ]
[ 2023-05-15 07:27:55,623 ] 39 root - INFO: Test csv saved and confirmed from DataIngestor.ingest() at data_ingestion.py
[ 2023-05-15 07:27:55,623 ] 41 root - INFO: Data ingestion completed in DataIngestor.ingest() at data_ingestion.py
[ 2023-05-15 07:27:55,630 ] 22 root - INFO: DATA INGESTION COMPLETE
[ 2023-05-15 07:27:55,630 ] 24 root - INFO: transformation INITIATED in Preprocessor.transform() at data_transformation.py
[ 2023-05-15 07:27:55,630 ] 36 root - INFO: filepath: [C:\Users\U1143589\Learning\iNeuron\ML\Food_delivery_time\artifacts\train.csv] received in utils.read_csv
[ 2023-05-15 07:27:55,775 ] 38 root - INFO: csv read and loaded
[ 2023-05-15 07:27:55,775 ] 36 root - INFO: filepath: [C:\Users\U1143589\Learning\iNeuron\ML\Food_delivery_time\artifacts\test.csv] received in utils.read_csv
[ 2023-05-15 07:27:55,830 ] 38 root - INFO: csv read and loaded
[ 2023-05-15 07:27:55,830 ] 29 root - INFO: train and test csv loaded, train shape: (31908, 20), test shape: (13676, 20)
[ 2023-05-15 07:27:55,831 ] 32 root - INFO: CALLING on utils to clean train and test dfs in Preprocessor.transform() at data_transformation.py, train shape: (31908, 20), test shape: (13676, 20)
[ 2023-05-15 07:27:55,831 ] 124 root - INFO: df received for cleaning in clean() at utils.py, shape: (31908, 20)
[ 2023-05-15 07:27:55,841 ] 126 root - INFO: ID column dropped
[ 2023-05-15 07:27:55,930 ] 134 root - INFO: Records with faulty time dropped
[ 2023-05-15 07:27:55,931 ] 136 root - INFO: df cleaning complete in clean() at utils.py, shape: (31908, 19), and returned
[ 2023-05-15 07:27:55,931 ] 124 root - INFO: df received for cleaning in clean() at utils.py, shape: (13676, 20)
[ 2023-05-15 07:27:55,935 ] 126 root - INFO: ID column dropped
[ 2023-05-15 07:27:55,977 ] 134 root - INFO: Records with faulty time dropped
[ 2023-05-15 07:27:55,977 ] 136 root - INFO: df cleaning complete in clean() at utils.py, shape: (13676, 19), and returned
[ 2023-05-15 07:27:55,977 ] 35 root - INFO: clean train and test dfs RECEIVED in Preprocessor.transform() at data_transformation.py, train shape: (25109, 19), test shape: (10709, 19)
[ 2023-05-15 07:27:55,977 ] 38 root - INFO: CALLING on utils to Feature Engineer train and test dfs in Preprocessor.transform() at data_transformation.py, train shape: (25109, 19), test shape: (10709, 19)
[ 2023-05-15 07:27:55,977 ] 184 root - INFO: df received for Feature engineering, shape: (25109, 19) in apply_feature_engineering() at utils.py
[ 2023-05-15 07:27:56,672 ] 187 root - INFO: Time_Orderd and Time_Order_picked columns converted to hours
[ 2023-05-15 07:27:57,401 ] 192 root - INFO: Order_Date split to Order_Day and Order_Month
[ 2023-05-15 07:28:04,598 ] 198 root - INFO: Geo_Distance column added
[ 2023-05-15 07:28:04,599 ] 200 root - INFO: df feature engineering steps complete in apply_feature_engineering() at utils.py, shape: (25109, 21), and returned
[ 2023-05-15 07:28:04,599 ] 184 root - INFO: df received for Feature engineering, shape: (10709, 19) in apply_feature_engineering() at utils.py
[ 2023-05-15 07:28:04,878 ] 187 root - INFO: Time_Orderd and Time_Order_picked columns converted to hours
[ 2023-05-15 07:28:05,128 ] 192 root - INFO: Order_Date split to Order_Day and Order_Month
[ 2023-05-15 07:28:08,198 ] 198 root - INFO: Geo_Distance column added
[ 2023-05-15 07:28:08,198 ] 200 root - INFO: df feature engineering steps complete in apply_feature_engineering() at utils.py, shape: (10709, 21), and returned
[ 2023-05-15 07:28:08,198 ] 41 root - INFO: Feature Engineered train and test dfs RECEIVED in Preprocessor.transform() at data_transformation.py, train shape: (25109, 21), test shape: (10709, 21)
[ 2023-05-15 07:28:08,208 ] 48 root - INFO: X-y split achieved
[ 2023-05-15 07:28:08,208 ] 51 root - INFO: CALLING on utils to transform train and test dfs in Preprocessor.transform() at data_transformation.py, train shape: (25109, 21), test shape: (10709, 21)
[ 2023-05-15 07:28:08,208 ] 256 root - INFO: dfs recieved for fit-transformation in apply_data_transformations() at utils.py, train_shape:(25109, 20), test_shape: (10709, 20)
[ 2023-05-15 07:28:08,318 ] 309 root - CRITICAL: Exception logged from file [c:\users\u1143589\learning\ineuron\ml\food_delivery_time\src\utils.py] line no. [275] with message [module 'src.statics' has no attribute 'PRPRSSR_IDENTIFIER_IMPUTERR']
[ 2023-05-15 07:28:08,318 ] 58 root - CRITICAL: Exception logged from file [c:\users\u1143589\learning\ineuron\ml\food_delivery_time\src\components\data_transformation.py] line no. [52] with message [Exception logged from file [c:\users\u1143589\learning\ineuron\ml\food_delivery_time\src\utils.py] line no. [275] with message [module 'src.statics' has no attribute 'PRPRSSR_IDENTIFIER_IMPUTERR']]
[ 2023-05-15 07:28:08,318 ] 43 root - CRITICAL: Exception logged from file [C:\Users\U1143589\Learning\iNeuron\ML\Food_delivery_time\src\pipelines\training_pipeline.py] line no. [26] with message [Exception logged from file [c:\users\u1143589\learning\ineuron\ml\food_delivery_time\src\components\data_transformation.py] line no. [52] with message [Exception logged from file [c:\users\u1143589\learning\ineuron\ml\food_delivery_time\src\utils.py] line no. [275] with message [module 'src.statics' has no attribute 'PRPRSSR_IDENTIFIER_IMPUTERR']]]
