[ 2023-05-14 15:12:58,232 ] 12 root - INFO: TRAINING PIPELINE INITIATED
[ 2023-05-14 15:12:58,233 ] 29 root - INFO: Data ingestion initiated in ingest() at data_ingestion.py
[ 2023-05-14 15:12:58,233 ] 27 root - INFO: filepath: [C:\Users\U1143589\Learning\iNeuron\ML\Food_delivery_time\dataset\food_delivery.csv] received in utils.read_csv
[ 2023-05-14 15:12:58,411 ] 29 root - INFO: csv read and loaded
[ 2023-05-14 15:12:58,440 ] 31 root - INFO: Input file loaded and returned to ingest() at data_ingestion.py, Dataframe shape: (45584, 20)
       ID Delivery_person_ID  Delivery_person_Age  Delivery_person_Ratings  ...  multiple_deliveries  Festival           City  Time_taken (min)
0  0xcdcd      DEHRES17DEL01                 36.0                      4.2  ...                  3.0        No  Metropolitian                46
1  0xd987      KOCRES16DEL01                 21.0                      4.7  ...                  1.0        No  Metropolitian                23
2  0x2784     PUNERES13DEL03                 23.0                      4.7  ...                  1.0        No  Metropolitian                21
3  0xc8b6     LUDHRES15DEL02                 34.0                      4.3  ...                  0.0        No  Metropolitian                20
4  0xdb64      KNPRES14DEL02                 24.0                      4.7  ...                  1.0        No  Metropolitian                41

[5 rows x 20 columns]
[ 2023-05-14 15:12:58,477 ] 34 root - INFO: Train_test_split achieved - train shape: [(31908, 20)], test shape [(13676, 20)]
[ 2023-05-14 15:12:58,477 ] 44 root - INFO: Dataframe Received for saving. Shape: (31908, 20)
[ 2023-05-14 15:12:58,836 ] 46 root - INFO: Dataframe saved as csv to path - [ C:\Users\U1143589\Learning\iNeuron\ML\Food_delivery_time\artifacts\train.csv ]
[ 2023-05-14 15:12:58,837 ] 37 root - INFO: Train csv saved and confirmed from DataIngestor.ingest() at data_ingestion.py
[ 2023-05-14 15:12:58,837 ] 44 root - INFO: Dataframe Received for saving. Shape: (13676, 20)
[ 2023-05-14 15:12:58,994 ] 46 root - INFO: Dataframe saved as csv to path - [ C:\Users\U1143589\Learning\iNeuron\ML\Food_delivery_time\artifacts\test.csv ]
[ 2023-05-14 15:12:58,994 ] 39 root - INFO: Test csv saved and confirmed from DataIngestor.ingest() at data_ingestion.py
[ 2023-05-14 15:12:58,994 ] 41 root - INFO: Data ingestion completed in DataIngestor.ingest() at data_ingestion.py
[ 2023-05-14 15:12:59,003 ] 18 root - INFO: DATA INGESTION COMPLETE
[ 2023-05-14 15:12:59,003 ] 24 root - INFO: transformation INITIATED in Preprocessor.transform() at data_transformation.py
[ 2023-05-14 15:12:59,003 ] 27 root - INFO: filepath: [C:\Users\U1143589\Learning\iNeuron\ML\Food_delivery_time\artifacts\train.csv] received in utils.read_csv
[ 2023-05-14 15:12:59,126 ] 29 root - INFO: csv read and loaded
[ 2023-05-14 15:12:59,126 ] 27 root - INFO: filepath: [C:\Users\U1143589\Learning\iNeuron\ML\Food_delivery_time\artifacts\test.csv] received in utils.read_csv
[ 2023-05-14 15:12:59,181 ] 29 root - INFO: csv read and loaded
[ 2023-05-14 15:12:59,181 ] 29 root - INFO: train and test csv loaded, train shape: (31908, 20), test shape: (13676, 20)
[ 2023-05-14 15:12:59,181 ] 32 root - INFO: CALLING on utils to clean train and test dfs in Preprocessor.transform() at data_transformation.py, train shape: (31908, 20), test shape: (13676, 20)
[ 2023-05-14 15:12:59,181 ] 87 root - INFO: df received for cleaning in clean() at utils.py, shape: (31908, 20)
[ 2023-05-14 15:12:59,191 ] 89 root - INFO: ID column dropped
[ 2023-05-14 15:12:59,286 ] 97 root - INFO: Records with faulty time dropped
[ 2023-05-14 15:12:59,286 ] 99 root - INFO: df cleaning complete in clean() at utils.py, shape: (31908, 19), and returned
[ 2023-05-14 15:12:59,286 ] 87 root - INFO: df received for cleaning in clean() at utils.py, shape: (13676, 20)
[ 2023-05-14 15:12:59,291 ] 89 root - INFO: ID column dropped
[ 2023-05-14 15:12:59,333 ] 97 root - INFO: Records with faulty time dropped
[ 2023-05-14 15:12:59,333 ] 99 root - INFO: df cleaning complete in clean() at utils.py, shape: (13676, 19), and returned
[ 2023-05-14 15:12:59,333 ] 35 root - INFO: clean train and test dfs RECEIVED in Preprocessor.transform() at data_transformation.py, train shape: (25090, 19), test shape: (10728, 19)
[ 2023-05-14 15:12:59,333 ] 38 root - INFO: CALLING on utils to Feature Engineer train and test dfs in Preprocessor.transform() at data_transformation.py, train shape: (25090, 19), test shape: (10728, 19)
[ 2023-05-14 15:12:59,334 ] 147 root - INFO: df received for Feature engineering, shape: (25090, 19) in apply_feature_engineering() at utils.py
[ 2023-05-14 15:13:00,091 ] 150 root - INFO: Time_Orderd and Time_Order_picked columns converted to hours
[ 2023-05-14 15:13:00,618 ] 155 root - INFO: Order_Date split to Order_Day and Order_Month
[ 2023-05-14 15:13:05,628 ] 161 root - INFO: Geo_Distance column added
[ 2023-05-14 15:13:05,629 ] 163 root - INFO: df feature engineering steps complete in apply_feature_engineering() at utils.py, shape: (25090, 21), and returned
[ 2023-05-14 15:13:05,629 ] 147 root - INFO: df received for Feature engineering, shape: (10728, 19) in apply_feature_engineering() at utils.py
[ 2023-05-14 15:13:05,834 ] 150 root - INFO: Time_Orderd and Time_Order_picked columns converted to hours
[ 2023-05-14 15:13:06,005 ] 155 root - INFO: Order_Date split to Order_Day and Order_Month
[ 2023-05-14 15:13:08,306 ] 161 root - INFO: Geo_Distance column added
[ 2023-05-14 15:13:08,306 ] 163 root - INFO: df feature engineering steps complete in apply_feature_engineering() at utils.py, shape: (10728, 21), and returned
[ 2023-05-14 15:13:08,306 ] 41 root - INFO: Feature Engineered train and test dfs RECEIVED in Preprocessor.transform() at data_transformation.py, train shape: (25090, 21), test shape: (10728, 21)
[ 2023-05-14 15:13:08,312 ] 48 root - INFO: X-y split achieved
[ 2023-05-14 15:13:08,312 ] 51 root - INFO: CALLING on utils to transform train and test dfs in Preprocessor.transform() at data_transformation.py, train shape: (25090, 21), test shape: (10728, 21)
[ 2023-05-14 15:13:08,312 ] 207 root - INFO: dfs recieved for fit-transformation in apply_data_transformations() at utils.py, train_shape:(25090, 20), test_shape: (10728, 20)
[ 2023-05-14 15:13:08,394 ] 54 root - INFO: ColumnTransformer(transformers=[('numeric_imputer',
                                 SimpleImputer(strategy='median'),
                                 ['Delivery_person_Age',
                                  'Delivery_person_Ratings',
                                  'Restaurant_latitude', 'Restaurant_longitude',
                                  'Delivery_location_latitude',
                                  'Delivery_location_longitude', 'Time_Orderd',
                                  'Time_Order_picked', 'Vehicle_condition',
                                  'multiple_deliveries', 'Order_Day',
                                  'Order_Month', 'Geo_Distance']),
                                ('categoric_imputation',
                                 SimpleImputer(strategy='most_frequent'),
                                 ['Delivery_person_ID', 'Weather_conditions',
                                  'Road_traffic_density', 'Type_of_order',
                                  'Type_of_vehicle', 'Festival', 'City'])]) received for shelving in shelve_this_preprocessor() at utils.py
[ 2023-05-14 15:13:08,412 ] 64 root - INFO: [ColumnTransformer(transformers=[('numeric_imputer',
                                 SimpleImputer(strategy='median'),
                                 ['Delivery_person_Age',
                                  'Delivery_person_Ratings',
                                  'Restaurant_latitude', 'Restaurant_longitude',
                                  'Delivery_location_latitude',
                                  'Delivery_location_longitude', 'Time_Orderd',
                                  'Time_Order_picked', 'Vehicle_condition',
                                  'multiple_deliveries', 'Order_Day',
                                  'Order_Month', 'Geo_Distance']),
                                ('categoric_imputation',
                                 SimpleImputer(strategy='most_frequent'),
                                 ['Delivery_person_ID', 'Weather_conditions',
                                  'Road_traffic_density', 'Type_of_order',
                                  'Type_of_vehicle', 'Festival', 'City'])])] shelved with identifier [imputer] in shelve_this_preprocessor() at utils.py
[ 2023-05-14 15:13:08,466 ] 229 root - INFO: imputation completed at utils.py, train_shape:(25090, 20), test_shape: (10728, 20)
 number of train columns with null values [0], number of test columns with null values [0]
[ 2023-05-14 15:13:08,471 ] 54 root - INFO: LabelEncoder() received for shelving in shelve_this_preprocessor() at utils.py
[ 2023-05-14 15:13:08,481 ] 64 root - INFO: [LabelEncoder()] shelved with identifier [encoder_Delivery_person_ID] in shelve_this_preprocessor() at utils.py
[ 2023-05-14 15:13:08,490 ] 54 root - INFO: LabelEncoder() received for shelving in shelve_this_preprocessor() at utils.py
[ 2023-05-14 15:13:08,500 ] 64 root - INFO: [LabelEncoder()] shelved with identifier [encoder_Road_traffic_density] in shelve_this_preprocessor() at utils.py
[ 2023-05-14 15:13:08,506 ] 54 root - INFO: LabelEncoder() received for shelving in shelve_this_preprocessor() at utils.py
[ 2023-05-14 15:13:08,516 ] 64 root - INFO: [LabelEncoder()] shelved with identifier [encoder_Type_of_vehicle] in shelve_this_preprocessor() at utils.py
[ 2023-05-14 15:13:08,522 ] 54 root - INFO: LabelEncoder() received for shelving in shelve_this_preprocessor() at utils.py
[ 2023-05-14 15:13:08,531 ] 64 root - INFO: [LabelEncoder()] shelved with identifier [encoder_City] in shelve_this_preprocessor() at utils.py
[ 2023-05-14 15:13:08,538 ] 54 root - INFO: LabelEncoder() received for shelving in shelve_this_preprocessor() at utils.py
[ 2023-05-14 15:13:08,547 ] 64 root - INFO: [LabelEncoder()] shelved with identifier [encoder_Weather_conditions] in shelve_this_preprocessor() at utils.py
[ 2023-05-14 15:13:08,553 ] 54 root - INFO: LabelEncoder() received for shelving in shelve_this_preprocessor() at utils.py
[ 2023-05-14 15:13:08,563 ] 64 root - INFO: [LabelEncoder()] shelved with identifier [encoder_Type_of_order] in shelve_this_preprocessor() at utils.py
[ 2023-05-14 15:13:08,569 ] 54 root - INFO: LabelEncoder() received for shelving in shelve_this_preprocessor() at utils.py
[ 2023-05-14 15:13:08,579 ] 64 root - INFO: [LabelEncoder()] shelved with identifier [encoder_Festival] in shelve_this_preprocessor() at utils.py
[ 2023-05-14 15:13:08,584 ] 242 root - INFO: encoding completed at utils.py, train_shape:(25090, 20), test_shape: (10728, 20)
[ 2023-05-14 15:13:08,602 ] 243 root - INFO: X_train:
  Delivery_person_Age Delivery_person_Ratings Restaurant_latitude Restaurant_longitude  ... Type_of_order Type_of_vehicle Festival City
0                32.0                     4.6           12.975377            77.696664  ...             2               1        0    0
1                22.0                     4.7            18.56245            73.916619  ...             1               1        0    0
3                28.0                     4.7           23.374989            85.335486  ...             3               1        0    2
4                24.0                     4.8           22.725748            75.898497  ...             3               1        0    2
5                24.0                     5.0           12.304569            76.643622  ...             2               2        0    0

[5 rows x 20 columns]
[ 2023-05-14 15:13:08,673 ] 54 root - INFO: ColumnTransformer(transformers=[('scaler', StandardScaler(),
                                 ['Delivery_person_Age',
                                  'Delivery_person_Ratings',
                                  'Restaurant_latitude', 'Restaurant_longitude',
                                  'Delivery_location_latitude',
                                  'Delivery_location_longitude', 'Time_Orderd',
                                  'Time_Order_picked', 'Vehicle_condition',
                                  'multiple_deliveries', 'Order_Day',
                                  'Order_Month', 'Geo_Distance',
                                  'Delivery_person_ID', 'Weather_conditions',
                                  'Road_traffic_density', 'Type_of_order',
                                  'Type_of_vehicle', 'Festival', 'City'])]) received for shelving in shelve_this_preprocessor() at utils.py
[ 2023-05-14 15:13:08,683 ] 64 root - INFO: [ColumnTransformer(transformers=[('scaler', StandardScaler(),
                                 ['Delivery_person_Age',
                                  'Delivery_person_Ratings',
                                  'Restaurant_latitude', 'Restaurant_longitude',
                                  'Delivery_location_latitude',
                                  'Delivery_location_longitude', 'Time_Orderd',
                                  'Time_Order_picked', 'Vehicle_condition',
                                  'multiple_deliveries', 'Order_Day',
                                  'Order_Month', 'Geo_Distance',
                                  'Delivery_person_ID', 'Weather_conditions',
                                  'Road_traffic_density', 'Type_of_order',
                                  'Type_of_vehicle', 'Festival', 'City'])])] shelved with identifier [scaler] in shelve_this_preprocessor() at utils.py
[ 2023-05-14 15:13:08,751 ] 254 root - INFO: scaling completed at utils.py
[ 2023-05-14 15:13:08,751 ] 256 root - INFO: dfs fit-transformation COMPLETED in apply_data_transformations() at utils.py, train_shape:(25090, 20), test_shape: (10728, 20)
[ 2023-05-14 15:13:08,752 ] 53 root - INFO: Transformed train and test dfs RECEIVED in Preprocessor.transform() at data_transformation.py, train shape: (25090, 21), test shape: (10728, 21)
[ 2023-05-14 15:13:08,775 ] 25 root - INFO: DATA PREPROCESSING COMPLETE
[ 2023-05-14 15:13:08,775 ] 39 root - INFO: model training INITIATED in Trainer.train() at model_trainer.py
[ 2023-05-14 15:13:08,776 ] 47 root - INFO: looping over all algorithms initiated
[ 2023-05-14 15:13:08,776 ] 50 root - INFO: CALLING on utils to evaluate algorithm [LinearRegression] from Trainer.train() at model_trainer.py
[ 2023-05-14 15:13:08,802 ] 53 root - INFO: RETURNED to Trainer.train() at model_trainer.py algorithm after model evaluation of [LinearRegression] with object [LinearRegression(), r2_score is [0.5062407241832375]] 
[ 2023-05-14 15:13:08,802 ] 54 root - INFO: algo performance report updated
[ 2023-05-14 15:13:08,802 ] 50 root - INFO: CALLING on utils to evaluate algorithm [Ridge] from Trainer.train() at model_trainer.py
[ 2023-05-14 15:13:08,813 ] 53 root - INFO: RETURNED to Trainer.train() at model_trainer.py algorithm after model evaluation of [Ridge] with object [Ridge(), r2_score is [0.4598928908045906]] 
[ 2023-05-14 15:13:08,813 ] 54 root - INFO: algo performance report updated
[ 2023-05-14 15:13:08,813 ] 50 root - INFO: CALLING on utils to evaluate algorithm [Lasso] from Trainer.train() at model_trainer.py
[ 2023-05-14 15:13:08,841 ] 53 root - INFO: RETURNED to Trainer.train() at model_trainer.py algorithm after model evaluation of [Lasso] with object [Lasso(), r2_score is [0.3762340991371329]] 
[ 2023-05-14 15:13:08,841 ] 54 root - INFO: algo performance report updated
[ 2023-05-14 15:13:08,841 ] 50 root - INFO: CALLING on utils to evaluate algorithm [ElasticNet] from Trainer.train() at model_trainer.py
[ 2023-05-14 15:13:08,869 ] 53 root - INFO: RETURNED to Trainer.train() at model_trainer.py algorithm after model evaluation of [ElasticNet] with object [ElasticNet(), r2_score is [0.3801616179017422]] 
[ 2023-05-14 15:13:08,869 ] 54 root - INFO: algo performance report updated
[ 2023-05-14 15:13:08,871 ] 58 root - INFO: best algorithm evaluated to be [LinearRegression] with object type [<class 'sklearn.linear_model._base.LinearRegression'>]
[ 2023-05-14 15:13:08,888 ] 62 root - INFO: best model: [LinearRegression] fitted with parameters [{'copy_X': True, 'fit_intercept': True, 'n_jobs': None, 'positive': False}]
[ 2023-05-14 15:13:08,888 ] 64 root - INFO: CALLING on utils to pickle best model
[ 2023-05-14 15:13:08,888 ] 76 root - CRITICAL: Exception logged from file [c:\users\u1143589\learning\ineuron\ml\food_delivery_time\src\utils.py] line no. [72] with message [module 'pickle' has no attribute 'open']
[ 2023-05-14 15:13:08,889 ] 72 root - CRITICAL: Exception logged from file [c:\users\u1143589\learning\ineuron\ml\food_delivery_time\src\components\model_trainer.py] line no. [65] with message [Exception logged from file [c:\users\u1143589\learning\ineuron\ml\food_delivery_time\src\utils.py] line no. [72] with message [module 'pickle' has no attribute 'open']]
