[ 2023-05-16 02:42:57,291 ] 29 root - INFO: PREDICTION PIPELINE INITIATED
[ 2023-05-16 02:42:57,300 ] 33 root - INFO: INPUT OBTAINED AS [{'ID': 0, 'Delivery_person_ID': 'JAPRES06DEL01', 'Delivery_person_Age': 34, 'Delivery_person_Ratings': 3.5, 'Restaurant_latitude': 26.911927, 'Restaurant_longitude': 75.797282, 'Delivery_location_latitude': 26.951927, 'Delivery_location_longitude': 75.837282, 'Order_Date': '02-04-2022', 'Time_Orderd': '19:20', 'Time_Order_picked': '19:25', 'Weather_conditions': 'Stormy', 'Road_traffic_density': 'Medium', 'Vehicle_condition': 0, 'Type_of_order': 'Meal', 'Type_of_vehicle': 'scooter', 'multiple_deliveries': 1.0, 'Festival': 'Yes', 'City': 'Metropolitian'}]
[ 2023-05-16 02:42:57,301 ] 19 root - INFO: Input values ingestion INITIATED
[ 2023-05-16 02:42:57,303 ] 23 root - INFO: input dictionary loaded as a dataframe
[ 2023-05-16 02:42:57,303 ] 26 root - INFO: CALLING utils for cleaning in Predictor.ingest at prediction.py
[ 2023-05-16 02:42:57,303 ] 29 root - INFO: df RECEIVED for cleaning in clean() at data_preparation_utils.py, shape: (1, 19)
[ 2023-05-16 02:42:57,304 ] 31 root - INFO: ID column dropped
[ 2023-05-16 02:42:57,306 ] 39 root - INFO: Records with faulty time dropped
[ 2023-05-16 02:42:57,337 ] 41 root - INFO: df cleaning COMPLETE in clean() at data_preparation_utils.py, shape: (1, 18), and returned
        Delivery_person_ID  Delivery_person_Age  Delivery_person_Ratings  ...  multiple_deliveries  Festival           City
values      JAPRES06DEL01                   34                      3.5  ...                  1.0       Yes  Metropolitian

[1 rows x 18 columns]
[ 2023-05-16 02:42:57,359 ] 28 root - INFO: RECEIVED 
       Delivery_person_ID  Delivery_person_Age  Delivery_person_Ratings  ...  multiple_deliveries  Festival           City
values      JAPRES06DEL01                   34                      3.5  ...                  1.0       Yes  Metropolitian

[1 rows x 18 columns]
[ 2023-05-16 02:42:57,359 ] 29 root - INFO: RECEIVED input dataframe cleaned, with shape (1, 18)
[ 2023-05-16 02:42:57,359 ] 32 root - INFO: CALLING utils for feature engineering in Predictor.ingest at prediction.py, shape (1, 18)
[ 2023-05-16 02:42:57,359 ] 89 root - INFO: df received for Feature engineering, shape: (1, 18) in apply_feature_engineering() at data_preparation_utils.py
[ 2023-05-16 02:42:57,361 ] 92 root - INFO: Time_Orderd and Time_Order_picked columns converted to hours
[ 2023-05-16 02:42:57,364 ] 97 root - INFO: Order_Date split to Order_Day and Order_Month
[ 2023-05-16 02:42:57,366 ] 103 root - INFO: Geo_Distance column added
[ 2023-05-16 02:42:57,366 ] 105 root - INFO: df feature engineering steps complete in apply_feature_engineering() at data_preparation_utils.py, shape: (1, 20), and returned
[ 2023-05-16 02:42:57,366 ] 34 root - INFO: RECEIVED input dataframe feature engineered
[ 2023-05-16 02:42:57,366 ] 37 root - INFO: CALLING utils for transformation in Predictor.ingest at prediction.py
[ 2023-05-16 02:42:57,367 ] 124 root - INFO: df RECEIVED for transformation in fit_to_transformations() at data_transformation_utils.py, train_shape:(1, 20)
[ 2023-05-16 02:42:57,367 ] 77 root - INFO: fetch request for [imputer] RECEIVED in get_preprocessor_from_shelve() at general_utils.py
[ 2023-05-16 02:42:57,391 ] 85 root - INFO: object [ColumnTransformer(transformers=[('numeric_imputer',
                                 SimpleImputer(strategy='median'),
                                 ['Delivery_person_Age',
                                  'Delivery_person_Ratings',
                                  'Restaurant_latitude', 'Restaurant_longitude',
                                  'Delivery_location_latitude',
                                  'Delivery_location_longitude', 'Time_Orderd',
                                  'Time_Order_picked', 'Vehicle_condition',
                                  'multiple_deliveries', 'Order_Day',
                                  'Order_Month', 'Geo_Distance']),
                                ('categoric_imputation',
                                 SimpleImputer(strategy='most_frequent'),
                                 ['Delivery_person_ID', 'Weather_conditions',
                                  'Road_traffic_density', 'Type_of_order',
                                  'Type_of_vehicle', 'Festival', 'City'])])] of type [<class 'sklearn.compose._column_transformer.ColumnTransformer'>] retrieved and RETURNED from preprosessor shelve
[ 2023-05-16 02:42:57,399 ] 138 root - INFO: imputation completed at data_transformation_utils.py, train_shape:(1, 20)
 number of train columns with null values [0]
[ 2023-05-16 02:42:57,399 ] 77 root - INFO: fetch request for [encoder_Delivery_person_ID] RECEIVED in get_preprocessor_from_shelve() at general_utils.py
[ 2023-05-16 02:42:57,409 ] 85 root - INFO: object [LabelEncoder()] of type [<class 'sklearn.preprocessing._label.LabelEncoder'>] retrieved and RETURNED from preprosessor shelve
[ 2023-05-16 02:42:57,411 ] 77 root - INFO: fetch request for [encoder_Road_traffic_density] RECEIVED in get_preprocessor_from_shelve() at general_utils.py
[ 2023-05-16 02:42:57,414 ] 85 root - INFO: object [LabelEncoder()] of type [<class 'sklearn.preprocessing._label.LabelEncoder'>] retrieved and RETURNED from preprosessor shelve
[ 2023-05-16 02:42:57,415 ] 77 root - INFO: fetch request for [encoder_Type_of_vehicle] RECEIVED in get_preprocessor_from_shelve() at general_utils.py
[ 2023-05-16 02:42:57,418 ] 85 root - INFO: object [LabelEncoder()] of type [<class 'sklearn.preprocessing._label.LabelEncoder'>] retrieved and RETURNED from preprosessor shelve
[ 2023-05-16 02:42:57,418 ] 77 root - INFO: fetch request for [encoder_City] RECEIVED in get_preprocessor_from_shelve() at general_utils.py
[ 2023-05-16 02:42:57,421 ] 85 root - INFO: object [LabelEncoder()] of type [<class 'sklearn.preprocessing._label.LabelEncoder'>] retrieved and RETURNED from preprosessor shelve
[ 2023-05-16 02:42:57,422 ] 77 root - INFO: fetch request for [encoder_Weather_conditions] RECEIVED in get_preprocessor_from_shelve() at general_utils.py
[ 2023-05-16 02:42:57,425 ] 85 root - INFO: object [LabelEncoder()] of type [<class 'sklearn.preprocessing._label.LabelEncoder'>] retrieved and RETURNED from preprosessor shelve
[ 2023-05-16 02:42:57,425 ] 77 root - INFO: fetch request for [encoder_Type_of_order] RECEIVED in get_preprocessor_from_shelve() at general_utils.py
[ 2023-05-16 02:42:57,428 ] 85 root - INFO: object [LabelEncoder()] of type [<class 'sklearn.preprocessing._label.LabelEncoder'>] retrieved and RETURNED from preprosessor shelve
[ 2023-05-16 02:42:57,429 ] 77 root - INFO: fetch request for [encoder_Festival] RECEIVED in get_preprocessor_from_shelve() at general_utils.py
[ 2023-05-16 02:42:57,432 ] 85 root - INFO: object [LabelEncoder()] of type [<class 'sklearn.preprocessing._label.LabelEncoder'>] retrieved and RETURNED from preprosessor shelve
[ 2023-05-16 02:42:57,432 ] 150 root - INFO: encoding completed at data_transformation_utils.py, train_shape:(1, 20)
[ 2023-05-16 02:42:57,454 ] 151 root - INFO: X:
       Delivery_person_Age Delivery_person_Ratings Restaurant_latitude Restaurant_longitude  ... Type_of_order Type_of_vehicle Festival City
values                34.0                     3.5           26.911927            75.797282  ...             2               2        1    0

[1 rows x 20 columns]
[ 2023-05-16 02:42:57,454 ] 77 root - INFO: fetch request for [scaler] RECEIVED in get_preprocessor_from_shelve() at general_utils.py
[ 2023-05-16 02:42:57,458 ] 85 root - INFO: object [ColumnTransformer(transformers=[('scaler', StandardScaler(),
                                 ['Delivery_person_Age',
                                  'Delivery_person_Ratings',
                                  'Restaurant_latitude', 'Restaurant_longitude',
                                  'Delivery_location_latitude',
                                  'Delivery_location_longitude', 'Time_Orderd',
                                  'Time_Order_picked', 'Vehicle_condition',
                                  'multiple_deliveries', 'Order_Day',
                                  'Order_Month', 'Geo_Distance',
                                  'Delivery_person_ID', 'Weather_conditions',
                                  'Road_traffic_density', 'Type_of_order',
                                  'Type_of_vehicle', 'Festival', 'City'])])] of type [<class 'sklearn.compose._column_transformer.ColumnTransformer'>] retrieved and RETURNED from preprosessor shelve
[ 2023-05-16 02:42:57,461 ] 160 root - INFO: scaling completed at data_transformation_utils.py
[ 2023-05-16 02:42:57,462 ] 162 root - INFO: dfs fit-transformation COMPLETED in fit_to_transformations() at data_transformation_utils.py, train_shape:(1, 20)
[ 2023-05-16 02:42:57,462 ] 39 root - INFO: RECEIVED input dataframe transformed
[ 2023-05-16 02:42:57,462 ] 42 root - INFO: data ingestion and transformation COMPLETED in Predictor.ingest at prediction.py
[ 2023-05-16 02:42:57,462 ] 37 root - INFO: PREDICTOR INITIALIZED WITH INPUT
[ 2023-05-16 02:42:57,462 ] 53 root - INFO: prediction INITIATED in Predictor.predict() at prediction.py
[ 2023-05-16 02:42:57,462 ] 107 root - INFO: fetch request for [model] RECEIVED in load_model() at general_utils.py
[ 2023-05-16 02:42:57,463 ] 115 root - INFO: model object of type [<class 'sklearn.linear_model._base.LinearRegression'>] retrived and RETURNED from load_model() at general_utils.py
[ 2023-05-16 02:42:57,463 ] 57 root - INFO: model with type [<class 'sklearn.linear_model._base.LinearRegression'>] and parameters [{'copy_X': True, 'fit_intercept': True, 'n_jobs': None, 'positive': False} loaded in Predictor.predict() at prediction.py]
[ 2023-05-16 02:42:57,490 ] 60 root - INFO: output for: 
[        Delivery_person_Age  Delivery_person_Ratings  Restaurant_latitude  Restaurant_longitude  ...  Type_of_order  Type_of_vehicle  Festival      City
values             0.771508                -3.589057             1.258836              0.236929  ...       0.435776         1.263108  7.064467 -0.538648

[1 rows x 20 columns]]
 predicted as [[45.81765811]]; Prediction COMPLETED in Predictor.predict() at prediction.py
[ 2023-05-16 02:42:57,491 ] 41 root - INFO: OUTPUT OBTAINED [[45.81765811]]
[ 2023-05-16 02:42:57,491 ] 43 root - INFO: PREDICTION PIPELINE COMPLETED SUCCESSFULLY
