[ 2023-05-14 15:10:03,990 ] 12 root - INFO: TRAINING PIPELINE INITIATED
[ 2023-05-14 15:10:03,991 ] 29 root - INFO: Data ingestion initiated in ingest() at data_ingestion.py
[ 2023-05-14 15:10:03,991 ] 27 root - INFO: filepath: [C:\Users\U1143589\Learning\iNeuron\ML\Food_delivery_time\dataset\food_delivery.csv] received in utils.read_csv
[ 2023-05-14 15:10:04,144 ] 29 root - INFO: csv read and loaded
[ 2023-05-14 15:10:04,169 ] 31 root - INFO: Input file loaded and returned to ingest() at data_ingestion.py, Dataframe shape: (45584, 20)
       ID Delivery_person_ID  Delivery_person_Age  Delivery_person_Ratings  ...  multiple_deliveries  Festival           City  Time_taken (min)
0  0xcdcd      DEHRES17DEL01                 36.0                      4.2  ...                  3.0        No  Metropolitian                46
1  0xd987      KOCRES16DEL01                 21.0                      4.7  ...                  1.0        No  Metropolitian                23
2  0x2784     PUNERES13DEL03                 23.0                      4.7  ...                  1.0        No  Metropolitian                21
3  0xc8b6     LUDHRES15DEL02                 34.0                      4.3  ...                  0.0        No  Metropolitian                20
4  0xdb64      KNPRES14DEL02                 24.0                      4.7  ...                  1.0        No  Metropolitian                41

[5 rows x 20 columns]
[ 2023-05-14 15:10:04,200 ] 34 root - INFO: Train_test_split achieved - train shape: [(31908, 20)], test shape [(13676, 20)]
[ 2023-05-14 15:10:04,201 ] 44 root - INFO: Dataframe Received for saving. Shape: (31908, 20)
[ 2023-05-14 15:10:04,551 ] 46 root - INFO: Dataframe saved as csv to path - [ C:\Users\U1143589\Learning\iNeuron\ML\Food_delivery_time\artifacts\train.csv ]
[ 2023-05-14 15:10:04,552 ] 37 root - INFO: Train csv saved and confirmed from DataIngestor.ingest() at data_ingestion.py
[ 2023-05-14 15:10:04,552 ] 44 root - INFO: Dataframe Received for saving. Shape: (13676, 20)
[ 2023-05-14 15:10:04,692 ] 46 root - INFO: Dataframe saved as csv to path - [ C:\Users\U1143589\Learning\iNeuron\ML\Food_delivery_time\artifacts\test.csv ]
[ 2023-05-14 15:10:04,692 ] 39 root - INFO: Test csv saved and confirmed from DataIngestor.ingest() at data_ingestion.py
[ 2023-05-14 15:10:04,692 ] 41 root - INFO: Data ingestion completed in DataIngestor.ingest() at data_ingestion.py
[ 2023-05-14 15:10:04,699 ] 18 root - INFO: DATA INGESTION COMPLETE
[ 2023-05-14 15:10:04,699 ] 24 root - INFO: transformation INITIATED in Preprocessor.transform() at data_transformation.py
[ 2023-05-14 15:10:04,699 ] 27 root - INFO: filepath: [C:\Users\U1143589\Learning\iNeuron\ML\Food_delivery_time\artifacts\train.csv] received in utils.read_csv
[ 2023-05-14 15:10:04,797 ] 29 root - INFO: csv read and loaded
[ 2023-05-14 15:10:04,797 ] 27 root - INFO: filepath: [C:\Users\U1143589\Learning\iNeuron\ML\Food_delivery_time\artifacts\test.csv] received in utils.read_csv
[ 2023-05-14 15:10:04,841 ] 29 root - INFO: csv read and loaded
[ 2023-05-14 15:10:04,841 ] 29 root - INFO: train and test csv loaded, train shape: (31908, 20), test shape: (13676, 20)
[ 2023-05-14 15:10:04,841 ] 32 root - INFO: CALLING on utils to clean train and test dfs in Preprocessor.transform() at data_transformation.py, train shape: (31908, 20), test shape: (13676, 20)
[ 2023-05-14 15:10:04,841 ] 87 root - INFO: df received for cleaning in clean() at utils.py, shape: (31908, 20)
[ 2023-05-14 15:10:04,849 ] 89 root - INFO: ID column dropped
[ 2023-05-14 15:10:04,933 ] 97 root - INFO: Records with faulty time dropped
[ 2023-05-14 15:10:04,933 ] 99 root - INFO: df cleaning complete in clean() at utils.py, shape: (31908, 19), and returned
[ 2023-05-14 15:10:04,933 ] 87 root - INFO: df received for cleaning in clean() at utils.py, shape: (13676, 20)
[ 2023-05-14 15:10:04,937 ] 89 root - INFO: ID column dropped
[ 2023-05-14 15:10:04,970 ] 97 root - INFO: Records with faulty time dropped
[ 2023-05-14 15:10:04,970 ] 99 root - INFO: df cleaning complete in clean() at utils.py, shape: (13676, 19), and returned
[ 2023-05-14 15:10:04,970 ] 35 root - INFO: clean train and test dfs RECEIVED in Preprocessor.transform() at data_transformation.py, train shape: (25164, 19), test shape: (10654, 19)
[ 2023-05-14 15:10:04,970 ] 38 root - INFO: CALLING on utils to Feature Engineer train and test dfs in Preprocessor.transform() at data_transformation.py, train shape: (25164, 19), test shape: (10654, 19)
[ 2023-05-14 15:10:04,971 ] 147 root - INFO: df received for Feature engineering, shape: (25164, 19) in apply_feature_engineering() at utils.py
[ 2023-05-14 15:10:05,545 ] 150 root - INFO: Time_Orderd and Time_Order_picked columns converted to hours
[ 2023-05-14 15:10:06,020 ] 155 root - INFO: Order_Date split to Order_Day and Order_Month
[ 2023-05-14 15:10:11,697 ] 161 root - INFO: Geo_Distance column added
[ 2023-05-14 15:10:11,697 ] 163 root - INFO: df feature engineering steps complete in apply_feature_engineering() at utils.py, shape: (25164, 21), and returned
[ 2023-05-14 15:10:11,697 ] 147 root - INFO: df received for Feature engineering, shape: (10654, 19) in apply_feature_engineering() at utils.py
[ 2023-05-14 15:10:11,921 ] 150 root - INFO: Time_Orderd and Time_Order_picked columns converted to hours
[ 2023-05-14 15:10:12,111 ] 155 root - INFO: Order_Date split to Order_Day and Order_Month
[ 2023-05-14 15:10:14,445 ] 161 root - INFO: Geo_Distance column added
[ 2023-05-14 15:10:14,445 ] 163 root - INFO: df feature engineering steps complete in apply_feature_engineering() at utils.py, shape: (10654, 21), and returned
[ 2023-05-14 15:10:14,445 ] 41 root - INFO: Feature Engineered train and test dfs RECEIVED in Preprocessor.transform() at data_transformation.py, train shape: (25164, 21), test shape: (10654, 21)
[ 2023-05-14 15:10:14,452 ] 48 root - INFO: X-y split achieved
[ 2023-05-14 15:10:14,452 ] 51 root - INFO: CALLING on utils to transform train and test dfs in Preprocessor.transform() at data_transformation.py, train shape: (25164, 21), test shape: (10654, 21)
[ 2023-05-14 15:10:14,452 ] 207 root - INFO: dfs recieved for fit-transformation in apply_data_transformations() at utils.py, train_shape:(25164, 20), test_shape: (10654, 20)
[ 2023-05-14 15:10:14,537 ] 54 root - INFO: ColumnTransformer(transformers=[('numeric_imputer',
                                 SimpleImputer(strategy='median'),
                                 ['Delivery_person_Age',
                                  'Delivery_person_Ratings',
                                  'Restaurant_latitude', 'Restaurant_longitude',
                                  'Delivery_location_latitude',
                                  'Delivery_location_longitude', 'Time_Orderd',
                                  'Time_Order_picked', 'Vehicle_condition',
                                  'multiple_deliveries', 'Order_Day',
                                  'Order_Month', 'Geo_Distance']),
                                ('categoric_imputation',
                                 SimpleImputer(strategy='most_frequent'),
                                 ['Delivery_person_ID', 'Weather_conditions',
                                  'Road_traffic_density', 'Type_of_order',
                                  'Type_of_vehicle', 'Festival', 'City'])]) received for shelving in shelve_this_preprocessor() at utils.py
[ 2023-05-14 15:10:14,557 ] 64 root - INFO: [ColumnTransformer(transformers=[('numeric_imputer',
                                 SimpleImputer(strategy='median'),
                                 ['Delivery_person_Age',
                                  'Delivery_person_Ratings',
                                  'Restaurant_latitude', 'Restaurant_longitude',
                                  'Delivery_location_latitude',
                                  'Delivery_location_longitude', 'Time_Orderd',
                                  'Time_Order_picked', 'Vehicle_condition',
                                  'multiple_deliveries', 'Order_Day',
                                  'Order_Month', 'Geo_Distance']),
                                ('categoric_imputation',
                                 SimpleImputer(strategy='most_frequent'),
                                 ['Delivery_person_ID', 'Weather_conditions',
                                  'Road_traffic_density', 'Type_of_order',
                                  'Type_of_vehicle', 'Festival', 'City'])])] shelved with identifier [imputer] in shelve_this_preprocessor() at utils.py
[ 2023-05-14 15:10:14,617 ] 229 root - INFO: imputation completed at utils.py, train_shape:(25164, 20), test_shape: (10654, 20)
 number of train columns with null values [0], number of test columns with null values [0]
[ 2023-05-14 15:10:14,622 ] 54 root - INFO: LabelEncoder() received for shelving in shelve_this_preprocessor() at utils.py
[ 2023-05-14 15:10:14,633 ] 64 root - INFO: [LabelEncoder()] shelved with identifier [encoder_Delivery_person_ID] in shelve_this_preprocessor() at utils.py
[ 2023-05-14 15:10:14,643 ] 54 root - INFO: LabelEncoder() received for shelving in shelve_this_preprocessor() at utils.py
[ 2023-05-14 15:10:14,653 ] 64 root - INFO: [LabelEncoder()] shelved with identifier [encoder_Road_traffic_density] in shelve_this_preprocessor() at utils.py
[ 2023-05-14 15:10:14,663 ] 54 root - INFO: LabelEncoder() received for shelving in shelve_this_preprocessor() at utils.py
[ 2023-05-14 15:10:14,675 ] 64 root - INFO: [LabelEncoder()] shelved with identifier [encoder_Type_of_vehicle] in shelve_this_preprocessor() at utils.py
[ 2023-05-14 15:10:14,682 ] 54 root - INFO: LabelEncoder() received for shelving in shelve_this_preprocessor() at utils.py
[ 2023-05-14 15:10:14,692 ] 64 root - INFO: [LabelEncoder()] shelved with identifier [encoder_City] in shelve_this_preprocessor() at utils.py
[ 2023-05-14 15:10:14,700 ] 54 root - INFO: LabelEncoder() received for shelving in shelve_this_preprocessor() at utils.py
[ 2023-05-14 15:10:14,710 ] 64 root - INFO: [LabelEncoder()] shelved with identifier [encoder_Weather_conditions] in shelve_this_preprocessor() at utils.py
[ 2023-05-14 15:10:14,717 ] 54 root - INFO: LabelEncoder() received for shelving in shelve_this_preprocessor() at utils.py
[ 2023-05-14 15:10:14,728 ] 64 root - INFO: [LabelEncoder()] shelved with identifier [encoder_Type_of_order] in shelve_this_preprocessor() at utils.py
[ 2023-05-14 15:10:14,734 ] 54 root - INFO: LabelEncoder() received for shelving in shelve_this_preprocessor() at utils.py
[ 2023-05-14 15:10:14,744 ] 64 root - INFO: [LabelEncoder()] shelved with identifier [encoder_Festival] in shelve_this_preprocessor() at utils.py
[ 2023-05-14 15:10:14,750 ] 242 root - INFO: encoding completed at utils.py, train_shape:(25164, 20), test_shape: (10654, 20)
[ 2023-05-14 15:10:14,767 ] 243 root - INFO: X_train:
  Delivery_person_Age Delivery_person_Ratings Restaurant_latitude Restaurant_longitude  ... Type_of_order Type_of_vehicle Festival City
0                35.0                     4.7           19.055831            72.833984  ...             1               1        0    2
3                20.0                     4.9           12.311072            76.654878  ...             2               1        0    0
4                25.0                     5.0           22.310329            73.169083  ...             0               2        0    0
5                27.0                     4.8           21.149834            72.778666  ...             1               1        0    0
7                35.0                     4.7           11.003669            76.976494  ...             2               1        0    2

[5 rows x 20 columns]
[ 2023-05-14 15:10:14,847 ] 54 root - INFO: ColumnTransformer(transformers=[('scaler', StandardScaler(),
                                 ['Delivery_person_Age',
                                  'Delivery_person_Ratings',
                                  'Restaurant_latitude', 'Restaurant_longitude',
                                  'Delivery_location_latitude',
                                  'Delivery_location_longitude', 'Time_Orderd',
                                  'Time_Order_picked', 'Vehicle_condition',
                                  'multiple_deliveries', 'Order_Day',
                                  'Order_Month', 'Geo_Distance',
                                  'Delivery_person_ID', 'Weather_conditions',
                                  'Road_traffic_density', 'Type_of_order',
                                  'Type_of_vehicle', 'Festival', 'City'])]) received for shelving in shelve_this_preprocessor() at utils.py
[ 2023-05-14 15:10:14,858 ] 64 root - INFO: [ColumnTransformer(transformers=[('scaler', StandardScaler(),
                                 ['Delivery_person_Age',
                                  'Delivery_person_Ratings',
                                  'Restaurant_latitude', 'Restaurant_longitude',
                                  'Delivery_location_latitude',
                                  'Delivery_location_longitude', 'Time_Orderd',
                                  'Time_Order_picked', 'Vehicle_condition',
                                  'multiple_deliveries', 'Order_Day',
                                  'Order_Month', 'Geo_Distance',
                                  'Delivery_person_ID', 'Weather_conditions',
                                  'Road_traffic_density', 'Type_of_order',
                                  'Type_of_vehicle', 'Festival', 'City'])])] shelved with identifier [scaler] in shelve_this_preprocessor() at utils.py
[ 2023-05-14 15:10:14,939 ] 254 root - INFO: scaling completed at utils.py
[ 2023-05-14 15:10:14,939 ] 256 root - INFO: dfs fit-transformation COMPLETED in apply_data_transformations() at utils.py, train_shape:(25164, 20), test_shape: (10654, 20)
[ 2023-05-14 15:10:14,941 ] 53 root - INFO: Transformed train and test dfs RECEIVED in Preprocessor.transform() at data_transformation.py, train shape: (25164, 21), test shape: (10654, 21)
[ 2023-05-14 15:10:14,964 ] 25 root - INFO: DATA PREPROCESSING COMPLETE
[ 2023-05-14 15:10:14,964 ] 39 root - INFO: model training INITIATED in Trainer.train() at model_trainer.py
[ 2023-05-14 15:10:14,965 ] 47 root - INFO: looping over all algorithms initiated
[ 2023-05-14 15:10:14,966 ] 50 root - INFO: CALLING on utils to evaluate algorithm [LinearRegression] from Trainer.train() at model_trainer.py
[ 2023-05-14 15:10:14,990 ] 53 root - INFO: RETURNED to Trainer.train() at model_trainer.py algorithm after model evaluation of [LinearRegression] with object [LinearRegression(), r2_score is [0.5056216264889362]] 
[ 2023-05-14 15:10:14,990 ] 54 root - INFO: algo performance report updated
[ 2023-05-14 15:10:14,990 ] 50 root - INFO: CALLING on utils to evaluate algorithm [Ridge] from Trainer.train() at model_trainer.py
[ 2023-05-14 15:10:15,000 ] 53 root - INFO: RETURNED to Trainer.train() at model_trainer.py algorithm after model evaluation of [Ridge] with object [Ridge(), r2_score is [0.4596224094288913]] 
[ 2023-05-14 15:10:15,001 ] 54 root - INFO: algo performance report updated
[ 2023-05-14 15:10:15,001 ] 50 root - INFO: CALLING on utils to evaluate algorithm [Lasso] from Trainer.train() at model_trainer.py
[ 2023-05-14 15:10:15,026 ] 53 root - INFO: RETURNED to Trainer.train() at model_trainer.py algorithm after model evaluation of [Lasso] with object [Lasso(), r2_score is [0.37289227106404443]] 
[ 2023-05-14 15:10:15,026 ] 54 root - INFO: algo performance report updated
[ 2023-05-14 15:10:15,026 ] 50 root - INFO: CALLING on utils to evaluate algorithm [ElasticNet] from Trainer.train() at model_trainer.py
[ 2023-05-14 15:10:15,054 ] 53 root - INFO: RETURNED to Trainer.train() at model_trainer.py algorithm after model evaluation of [ElasticNet] with object [ElasticNet(), r2_score is [0.3785138439280924]] 
[ 2023-05-14 15:10:15,054 ] 54 root - INFO: algo performance report updated
[ 2023-05-14 15:10:15,056 ] 58 root - INFO: best algorithm evaluated to be [LinearRegression] with object type [<class 'sklearn.linear_model._base.LinearRegression'>]
[ 2023-05-14 15:10:15,056 ] 72 root - CRITICAL: Exception logged from file [c:\users\u1143589\learning\ineuron\ml\food_delivery_time\src\components\model_trainer.py] line no. [61] with message ['Trainer' object has no attribute 'ytrain']
