[ 2023-05-15 08:48:48,785 ] 14 root - INFO: TRAINING PIPELINE INITIATED
[ 2023-05-15 08:48:48,786 ] 32 root - INFO: Data ingestion initiated in ingest() at data_ingestion.py
[ 2023-05-15 08:48:48,786 ] 32 root - INFO: filepath: [C:\Users\U1143589\Learning\iNeuron\ML\Food_delivery_time\dataset\food_delivery.csv] RECEIVED in utils.read_csv
[ 2023-05-15 08:48:48,942 ] 34 root - INFO: csv read and LOADED
[ 2023-05-15 08:48:48,964 ] 34 root - INFO: Input file loaded and returned to ingest() at data_ingestion.py, Dataframe shape: (45584, 20)
       ID Delivery_person_ID  Delivery_person_Age  Delivery_person_Ratings  ...  multiple_deliveries  Festival           City  Time_taken (min)
0  0xcdcd      DEHRES17DEL01                 36.0                      4.2  ...                  3.0        No  Metropolitian                46
1  0xd987      KOCRES16DEL01                 21.0                      4.7  ...                  1.0        No  Metropolitian                23
2  0x2784     PUNERES13DEL03                 23.0                      4.7  ...                  1.0        No  Metropolitian                21
3  0xc8b6     LUDHRES15DEL02                 34.0                      4.3  ...                  0.0        No  Metropolitian                20
4  0xdb64      KNPRES14DEL02                 24.0                      4.7  ...                  1.0        No  Metropolitian                41

[5 rows x 20 columns]
[ 2023-05-15 08:48:48,992 ] 37 root - INFO: Train_test_split achieved - train shape: [(31908, 20)], test shape [(13676, 20)]
[ 2023-05-15 08:48:48,992 ] 49 root - INFO: Dataframe RECEIVED for saving. Shape: (31908, 20)
[ 2023-05-15 08:48:49,295 ] 51 root - INFO: Dataframe SAVED as csv to path - [ C:\Users\U1143589\Learning\iNeuron\ML\Food_delivery_time\artifacts\train.csv ]
[ 2023-05-15 08:48:49,295 ] 40 root - INFO: Train csv saved and confirmed from DataIngestor.ingest() at data_ingestion.py
[ 2023-05-15 08:48:49,295 ] 49 root - INFO: Dataframe RECEIVED for saving. Shape: (13676, 20)
[ 2023-05-15 08:48:49,474 ] 51 root - INFO: Dataframe SAVED as csv to path - [ C:\Users\U1143589\Learning\iNeuron\ML\Food_delivery_time\artifacts\test.csv ]
[ 2023-05-15 08:48:49,474 ] 42 root - INFO: Test csv saved and confirmed from DataIngestor.ingest() at data_ingestion.py
[ 2023-05-15 08:48:49,474 ] 44 root - INFO: Data ingestion completed in DataIngestor.ingest() at data_ingestion.py
[ 2023-05-15 08:48:49,482 ] 22 root - INFO: DATA INGESTION COMPLETE
[ 2023-05-15 08:48:49,482 ] 27 root - INFO: transformation INITIATED in Preprocessor.transform() at data_transformation.py
[ 2023-05-15 08:48:49,482 ] 32 root - INFO: filepath: [C:\Users\U1143589\Learning\iNeuron\ML\Food_delivery_time\artifacts\train.csv] RECEIVED in utils.read_csv
[ 2023-05-15 08:48:49,606 ] 34 root - INFO: csv read and LOADED
[ 2023-05-15 08:48:49,606 ] 32 root - INFO: filepath: [C:\Users\U1143589\Learning\iNeuron\ML\Food_delivery_time\artifacts\test.csv] RECEIVED in utils.read_csv
[ 2023-05-15 08:48:49,661 ] 34 root - INFO: csv read and LOADED
[ 2023-05-15 08:48:49,661 ] 32 root - INFO: train and test csv loaded, train shape: (31908, 20), test shape: (13676, 20)
[ 2023-05-15 08:48:49,661 ] 35 root - INFO: CALLING on utils to clean train and test dfs in Preprocessor.transform() at data_transformation.py, train shape: (31908, 20), test shape: (13676, 20)
[ 2023-05-15 08:48:49,661 ] 29 root - INFO: df RECEIVED for cleaning in clean() at utils.py, shape: (31908, 20)
[ 2023-05-15 08:48:49,670 ] 31 root - INFO: ID column dropped
[ 2023-05-15 08:48:49,769 ] 39 root - INFO: Records with faulty time dropped
[ 2023-05-15 08:48:49,769 ] 41 root - INFO: df cleaning COMPLETE in clean() at utils.py, shape: (31908, 19), and returned
[ 2023-05-15 08:48:49,769 ] 29 root - INFO: df RECEIVED for cleaning in clean() at utils.py, shape: (13676, 20)
[ 2023-05-15 08:48:49,774 ] 31 root - INFO: ID column dropped
[ 2023-05-15 08:48:49,812 ] 39 root - INFO: Records with faulty time dropped
[ 2023-05-15 08:48:49,813 ] 41 root - INFO: df cleaning COMPLETE in clean() at utils.py, shape: (13676, 19), and returned
[ 2023-05-15 08:48:49,813 ] 38 root - INFO: clean train and test dfs RECEIVED in Preprocessor.transform() at data_transformation.py, train shape: (25144, 19), test shape: (10674, 19)
[ 2023-05-15 08:48:49,813 ] 41 root - INFO: CALLING on utils to Feature Engineer train and test dfs in Preprocessor.transform() at data_transformation.py, train shape: (25144, 19), test shape: (10674, 19)
[ 2023-05-15 08:48:49,813 ] 89 root - INFO: df received for Feature engineering, shape: (25144, 19) in apply_feature_engineering() at utils.py
[ 2023-05-15 08:48:50,519 ] 92 root - INFO: Time_Orderd and Time_Order_picked columns converted to hours
[ 2023-05-15 08:48:51,084 ] 97 root - INFO: Order_Date split to Order_Day and Order_Month
[ 2023-05-15 08:48:57,409 ] 103 root - INFO: Geo_Distance column added
[ 2023-05-15 08:48:57,409 ] 105 root - INFO: df feature engineering steps complete in apply_feature_engineering() at utils.py, shape: (25144, 21), and returned
[ 2023-05-15 08:48:57,409 ] 89 root - INFO: df received for Feature engineering, shape: (10674, 19) in apply_feature_engineering() at utils.py
[ 2023-05-15 08:48:57,740 ] 92 root - INFO: Time_Orderd and Time_Order_picked columns converted to hours
[ 2023-05-15 08:48:57,965 ] 97 root - INFO: Order_Date split to Order_Day and Order_Month
[ 2023-05-15 08:49:00,400 ] 103 root - INFO: Geo_Distance column added
[ 2023-05-15 08:49:00,400 ] 105 root - INFO: df feature engineering steps complete in apply_feature_engineering() at utils.py, shape: (10674, 21), and returned
[ 2023-05-15 08:49:00,400 ] 44 root - INFO: Feature Engineered train and test dfs RECEIVED in Preprocessor.transform() at data_transformation.py, train shape: (25144, 21), test shape: (10674, 21)
[ 2023-05-15 08:49:00,406 ] 51 root - INFO: X-y split achieved
[ 2023-05-15 08:49:00,406 ] 54 root - INFO: CALLING on utils to transform train and test dfs in Preprocessor.transform() at data_transformation.py, train shape: (25144, 21), test shape: (10674, 21)
[ 2023-05-15 08:49:00,406 ] 60 root - INFO: dfs recieved for fit-transformation in apply_data_transformations() at utils.py, train_shape:(25144, 20), test_shape: (10674, 20)
[ 2023-05-15 08:49:00,487 ] 59 root - INFO: ColumnTransformer(transformers=[('numeric_imputer',
                                 SimpleImputer(strategy='median'),
                                 ['Delivery_person_Age',
                                  'Delivery_person_Ratings',
                                  'Restaurant_latitude', 'Restaurant_longitude',
                                  'Delivery_location_latitude',
                                  'Delivery_location_longitude', 'Time_Orderd',
                                  'Time_Order_picked', 'Vehicle_condition',
                                  'multiple_deliveries', 'Order_Day',
                                  'Order_Month', 'Geo_Distance']),
                                ('categoric_imputation',
                                 SimpleImputer(strategy='most_frequent'),
                                 ['Delivery_person_ID', 'Weather_conditions',
                                  'Road_traffic_density', 'Type_of_order',
                                  'Type_of_vehicle', 'Festival', 'City'])]) RECEIVED for shelving in shelve_this_preprocessor() at utils.py
[ 2023-05-15 08:49:00,506 ] 69 root - INFO: [ColumnTransformer(transformers=[('numeric_imputer',
                                 SimpleImputer(strategy='median'),
                                 ['Delivery_person_Age',
                                  'Delivery_person_Ratings',
                                  'Restaurant_latitude', 'Restaurant_longitude',
                                  'Delivery_location_latitude',
                                  'Delivery_location_longitude', 'Time_Orderd',
                                  'Time_Order_picked', 'Vehicle_condition',
                                  'multiple_deliveries', 'Order_Day',
                                  'Order_Month', 'Geo_Distance']),
                                ('categoric_imputation',
                                 SimpleImputer(strategy='most_frequent'),
                                 ['Delivery_person_ID', 'Weather_conditions',
                                  'Road_traffic_density', 'Type_of_order',
                                  'Type_of_vehicle', 'Festival', 'City'])])] SHELVED with identifier [imputer] in shelve_this_preprocessor() at utils.py
[ 2023-05-15 08:49:00,568 ] 82 root - INFO: imputation completed at utils.py, train_shape:(25144, 20), test_shape: (10674, 20)
 number of train columns with null values [0], number of test columns with null values [0]
[ 2023-05-15 08:49:00,575 ] 59 root - INFO: LabelEncoder() RECEIVED for shelving in shelve_this_preprocessor() at utils.py
[ 2023-05-15 08:49:00,586 ] 69 root - INFO: [LabelEncoder()] SHELVED with identifier [encoder_Delivery_person_ID] in shelve_this_preprocessor() at utils.py
[ 2023-05-15 08:49:00,594 ] 113 root - CRITICAL: Exception logged from file [c:\users\u1143589\learning\ineuron\ml\food_delivery_time\src\utils\data_transformation_utils.py] line no. [94] with message [y contains previously unseen labels: 'ALHRES16DEL01']
[ 2023-05-15 08:49:00,594 ] 61 root - CRITICAL: Exception logged from file [c:\users\u1143589\learning\ineuron\ml\food_delivery_time\src\components\data_transformation.py] line no. [55] with message [Exception logged from file [c:\users\u1143589\learning\ineuron\ml\food_delivery_time\src\utils\data_transformation_utils.py] line no. [94] with message [y contains previously unseen labels: 'ALHRES16DEL01']]
[ 2023-05-15 08:49:00,594 ] 43 root - CRITICAL: Exception logged from file [C:\Users\U1143589\Learning\iNeuron\ML\Food_delivery_time\src\pipelines\training_pipeline.py] line no. [26] with message [Exception logged from file [c:\users\u1143589\learning\ineuron\ml\food_delivery_time\src\components\data_transformation.py] line no. [55] with message [Exception logged from file [c:\users\u1143589\learning\ineuron\ml\food_delivery_time\src\utils\data_transformation_utils.py] line no. [94] with message [y contains previously unseen labels: 'ALHRES16DEL01']]]
