[ 2023-05-14 12:32:33,750 ] 29 root - INFO: Data ingestion initiated in ingest() at data_ingestion.py
[ 2023-05-14 12:32:33,750 ] 25 root - INFO: filepath: [C:\Users\U1143589\Learning\iNeuron\ML\Food_delivery_time\dataset\food_delivery.csv] received in utils.read_csv
[ 2023-05-14 12:32:33,899 ] 27 root - INFO: csv read and loaded
[ 2023-05-14 12:32:33,926 ] 31 root - INFO: Input file loaded and returned to ingest() at data_ingestion.py, Dataframe shape: (45584, 20)
       ID Delivery_person_ID  Delivery_person_Age  Delivery_person_Ratings  ...  multiple_deliveries  Festival           City  Time_taken (min)
0  0xcdcd      DEHRES17DEL01                 36.0                      4.2  ...                  3.0        No  Metropolitian                46
1  0xd987      KOCRES16DEL01                 21.0                      4.7  ...                  1.0        No  Metropolitian                23
2  0x2784     PUNERES13DEL03                 23.0                      4.7  ...                  1.0        No  Metropolitian                21
3  0xc8b6     LUDHRES15DEL02                 34.0                      4.3  ...                  0.0        No  Metropolitian                20
4  0xdb64      KNPRES14DEL02                 24.0                      4.7  ...                  1.0        No  Metropolitian                41

[5 rows x 20 columns]
[ 2023-05-14 12:32:33,953 ] 34 root - INFO: Train_test_split achieved - train shape: [(31908, 20)], test shape [(13676, 20)]
[ 2023-05-14 12:32:33,953 ] 42 root - INFO: Dataframe Received for saving. Shape: (31908, 20)
[ 2023-05-14 12:32:34,255 ] 44 root - INFO: Dataframe saved as csv to path - [ C:\Users\U1143589\Learning\iNeuron\ML\Food_delivery_time\artifacts\train.csv ]
[ 2023-05-14 12:32:34,255 ] 37 root - INFO: Train csv saved and confirmed from DataIngestor.ingest() at data_ingestion.py
[ 2023-05-14 12:32:34,256 ] 42 root - INFO: Dataframe Received for saving. Shape: (13676, 20)
[ 2023-05-14 12:32:34,396 ] 44 root - INFO: Dataframe saved as csv to path - [ C:\Users\U1143589\Learning\iNeuron\ML\Food_delivery_time\artifacts\test.csv ]
[ 2023-05-14 12:32:34,396 ] 39 root - INFO: Test csv saved and confirmed from DataIngestor.ingest() at data_ingestion.py
[ 2023-05-14 12:32:34,396 ] 41 root - INFO: Data ingestion completed in DataIngestor.ingest() at data_ingestion.py
[ 2023-05-14 12:32:34,405 ] 24 root - INFO: transformation INITIATED in Preprocessor.transform() at data_transformation.py
[ 2023-05-14 12:32:34,405 ] 25 root - INFO: filepath: [C:\Users\U1143589\Learning\iNeuron\ML\Food_delivery_time\artifacts\train.csv] received in utils.read_csv
[ 2023-05-14 12:32:34,539 ] 27 root - INFO: csv read and loaded
[ 2023-05-14 12:32:34,539 ] 25 root - INFO: filepath: [C:\Users\U1143589\Learning\iNeuron\ML\Food_delivery_time\artifacts\test.csv] received in utils.read_csv
[ 2023-05-14 12:32:34,602 ] 27 root - INFO: csv read and loaded
[ 2023-05-14 12:32:34,602 ] 29 root - INFO: train and test csv loaded, train shape: (31908, 20), test shape: (13676, 20)
[ 2023-05-14 12:32:34,602 ] 32 root - INFO: CALLING on utils to clean train and test dfs in Preprocessor.transform() at data_transformation.py, train shape: (31908, 20), test shape: (13676, 20)
[ 2023-05-14 12:32:34,602 ] 74 root - INFO: df received for cleaning in clean() at utils.py, shape: (31908, 20)
[ 2023-05-14 12:32:34,613 ] 76 root - INFO: ID column dropped
[ 2023-05-14 12:32:34,707 ] 84 root - INFO: Records with faulty time dropped
[ 2023-05-14 12:32:34,707 ] 86 root - INFO: df cleaning complete in clean() at utils.py, shape: (31908, 19), and returned
[ 2023-05-14 12:32:34,708 ] 74 root - INFO: df received for cleaning in clean() at utils.py, shape: (13676, 20)
[ 2023-05-14 12:32:34,712 ] 76 root - INFO: ID column dropped
[ 2023-05-14 12:32:34,759 ] 84 root - INFO: Records with faulty time dropped
[ 2023-05-14 12:32:34,759 ] 86 root - INFO: df cleaning complete in clean() at utils.py, shape: (13676, 19), and returned
[ 2023-05-14 12:32:34,760 ] 35 root - INFO: clean train and test dfs RECEIVED in Preprocessor.transform() at data_transformation.py, train shape: (25063, 19), test shape: (10755, 19)
[ 2023-05-14 12:32:34,760 ] 38 root - INFO: CALLING on utils to Feature Engineer train and test dfs in Preprocessor.transform() at data_transformation.py, train shape: (25063, 19), test shape: (10755, 19)
[ 2023-05-14 12:32:34,760 ] 134 root - INFO: df received for Feature engineering, shape: (25063, 19) in apply_feature_engineering() at utils.py
[ 2023-05-14 12:32:35,555 ] 137 root - INFO: Time_Orderd and Time_Order_picked columns converted to hours
[ 2023-05-14 12:32:36,185 ] 142 root - INFO: Order_Date split to Order_Day and Order_Month
[ 2023-05-14 12:32:44,782 ] 148 root - INFO: Geo_Distance column added
[ 2023-05-14 12:32:44,783 ] 150 root - INFO: df feature engineering steps complete in apply_feature_engineering() at utils.py, shape: (25063, 21), and returned
[ 2023-05-14 12:32:44,783 ] 134 root - INFO: df received for Feature engineering, shape: (10755, 19) in apply_feature_engineering() at utils.py
[ 2023-05-14 12:32:45,167 ] 137 root - INFO: Time_Orderd and Time_Order_picked columns converted to hours
[ 2023-05-14 12:32:45,471 ] 142 root - INFO: Order_Date split to Order_Day and Order_Month
[ 2023-05-14 12:32:48,551 ] 148 root - INFO: Geo_Distance column added
[ 2023-05-14 12:32:48,551 ] 150 root - INFO: df feature engineering steps complete in apply_feature_engineering() at utils.py, shape: (10755, 21), and returned
[ 2023-05-14 12:32:48,551 ] 41 root - INFO: Feature Engineered train and test dfs RECEIVED in Preprocessor.transform() at data_transformation.py, train shape: (25063, 21), test shape: (10755, 21)
[ 2023-05-14 12:32:48,559 ] 48 root - INFO: X-y split achieved
[ 2023-05-14 12:32:48,560 ] 51 root - INFO: CALLING on utils to transform train and test dfs in Preprocessor.transform() at data_transformation.py, train shape: (25063, 21), test shape: (10755, 21)
[ 2023-05-14 12:32:48,560 ] 194 root - INFO: dfs recieved for fit-transformation in apply_data_transformations() at utils.py, train_shape:(25063, 20), test_shape: (10755, 20)
[ 2023-05-14 12:32:48,670 ] 52 root - INFO: ColumnTransformer(transformers=[('numeric_imputer',
                                 SimpleImputer(strategy='median'),
                                 ['Delivery_person_Age',
                                  'Delivery_person_Ratings',
                                  'Restaurant_latitude', 'Restaurant_longitude',
                                  'Delivery_location_latitude',
                                  'Delivery_location_longitude', 'Time_Orderd',
                                  'Time_Order_picked', 'Vehicle_condition',
                                  'multiple_deliveries', 'Order_Day',
                                  'Order_Month', 'Geo_Distance']),
                                ('categoric_imputation',
                                 SimpleImputer(strategy='most_frequent'),
                                 ['Delivery_person_ID', 'Weather_conditions',
                                  'Road_traffic_density', 'Type_of_order',
                                  'Type_of_vehicle', 'Festival', 'City'])]) received for shelving in shelve_this_preprocessor() at utils.py
[ 2023-05-14 12:32:48,693 ] 62 root - INFO: [ColumnTransformer(transformers=[('numeric_imputer',
                                 SimpleImputer(strategy='median'),
                                 ['Delivery_person_Age',
                                  'Delivery_person_Ratings',
                                  'Restaurant_latitude', 'Restaurant_longitude',
                                  'Delivery_location_latitude',
                                  'Delivery_location_longitude', 'Time_Orderd',
                                  'Time_Order_picked', 'Vehicle_condition',
                                  'multiple_deliveries', 'Order_Day',
                                  'Order_Month', 'Geo_Distance']),
                                ('categoric_imputation',
                                 SimpleImputer(strategy='most_frequent'),
                                 ['Delivery_person_ID', 'Weather_conditions',
                                  'Road_traffic_density', 'Type_of_order',
                                  'Type_of_vehicle', 'Festival', 'City'])])] shelved with identifier [imputer] in shelve_this_preprocessor() at utils.py
[ 2023-05-14 12:32:48,768 ] 216 root - INFO: imputation completed at utils.py, train_shape:(25063, 20), test_shape: (10755, 20)
 number of train columns with null values [0], number of test columns with null values [0]
[ 2023-05-14 12:32:48,775 ] 52 root - INFO: LabelEncoder() received for shelving in shelve_this_preprocessor() at utils.py
[ 2023-05-14 12:32:48,787 ] 62 root - INFO: [LabelEncoder()] shelved with identifier [encoder_Delivery_person_ID] in shelve_this_preprocessor() at utils.py
[ 2023-05-14 12:32:48,798 ] 52 root - INFO: LabelEncoder() received for shelving in shelve_this_preprocessor() at utils.py
[ 2023-05-14 12:32:48,812 ] 62 root - INFO: [LabelEncoder()] shelved with identifier [encoder_Road_traffic_density] in shelve_this_preprocessor() at utils.py
[ 2023-05-14 12:32:48,821 ] 52 root - INFO: LabelEncoder() received for shelving in shelve_this_preprocessor() at utils.py
[ 2023-05-14 12:32:48,834 ] 62 root - INFO: [LabelEncoder()] shelved with identifier [encoder_Type_of_vehicle] in shelve_this_preprocessor() at utils.py
[ 2023-05-14 12:32:48,843 ] 52 root - INFO: LabelEncoder() received for shelving in shelve_this_preprocessor() at utils.py
[ 2023-05-14 12:32:48,856 ] 62 root - INFO: [LabelEncoder()] shelved with identifier [encoder_City] in shelve_this_preprocessor() at utils.py
[ 2023-05-14 12:32:48,865 ] 52 root - INFO: LabelEncoder() received for shelving in shelve_this_preprocessor() at utils.py
[ 2023-05-14 12:32:48,879 ] 62 root - INFO: [LabelEncoder()] shelved with identifier [encoder_Weather_conditions] in shelve_this_preprocessor() at utils.py
[ 2023-05-14 12:32:48,888 ] 52 root - INFO: LabelEncoder() received for shelving in shelve_this_preprocessor() at utils.py
[ 2023-05-14 12:32:48,903 ] 62 root - INFO: [LabelEncoder()] shelved with identifier [encoder_Type_of_order] in shelve_this_preprocessor() at utils.py
[ 2023-05-14 12:32:48,912 ] 52 root - INFO: LabelEncoder() received for shelving in shelve_this_preprocessor() at utils.py
[ 2023-05-14 12:32:48,930 ] 62 root - INFO: [LabelEncoder()] shelved with identifier [encoder_Festival] in shelve_this_preprocessor() at utils.py
[ 2023-05-14 12:32:48,938 ] 229 root - INFO: encoding completed at utils.py, train_shape:(25063, 20), test_shape: (10755, 20)
[ 2023-05-14 12:32:48,962 ] 230 root - INFO: X_train:
  Delivery_person_Age Delivery_person_Ratings Restaurant_latitude Restaurant_longitude  ... Type_of_order Type_of_vehicle Festival City
0                39.0                     4.7           21.175975            72.795503  ...             1               1        0    0
1                36.0                     4.9           23.371292            85.327872  ...             3               1        0    0
3                36.0                     4.8           18.554382            73.798206  ...             2               1        0    0
5                33.0                     4.9           19.131141            72.813074  ...             0               1        0    0
7                21.0                     4.5           30.914057             75.83982  ...             1               2        0    0

[5 rows x 20 columns]
[ 2023-05-14 12:32:49,074 ] 52 root - INFO: ColumnTransformer(transformers=[('scaler', StandardScaler(),
                                 ['Delivery_person_Age',
                                  'Delivery_person_Ratings',
                                  'Restaurant_latitude', 'Restaurant_longitude',
                                  'Delivery_location_latitude',
                                  'Delivery_location_longitude', 'Time_Orderd',
                                  'Time_Order_picked', 'Vehicle_condition',
                                  'multiple_deliveries', 'Order_Day',
                                  'Order_Month', 'Geo_Distance',
                                  'Delivery_person_ID', 'Weather_conditions',
                                  'Road_traffic_density', 'Type_of_order',
                                  'Type_of_vehicle', 'Festival', 'City'])]) received for shelving in shelve_this_preprocessor() at utils.py
[ 2023-05-14 12:32:49,089 ] 62 root - INFO: [ColumnTransformer(transformers=[('scaler', StandardScaler(),
                                 ['Delivery_person_Age',
                                  'Delivery_person_Ratings',
                                  'Restaurant_latitude', 'Restaurant_longitude',
                                  'Delivery_location_latitude',
                                  'Delivery_location_longitude', 'Time_Orderd',
                                  'Time_Order_picked', 'Vehicle_condition',
                                  'multiple_deliveries', 'Order_Day',
                                  'Order_Month', 'Geo_Distance',
                                  'Delivery_person_ID', 'Weather_conditions',
                                  'Road_traffic_density', 'Type_of_order',
                                  'Type_of_vehicle', 'Festival', 'City'])])] shelved with identifier [scaler] in shelve_this_preprocessor() at utils.py
[ 2023-05-14 12:32:49,201 ] 241 root - INFO: scaling completed at utils.py
[ 2023-05-14 12:32:49,202 ] 243 root - INFO: dfs fit-transformation COMPLETED in apply_data_transformations() at utils.py, train_shape:(25063, 20), test_shape: (10755, 20)
[ 2023-05-14 12:32:49,203 ] 53 root - INFO: Transformed train and test dfs RECEIVED in Preprocessor.transform() at data_transformation.py, train shape: (25063, 21), test shape: (10755, 21)
