[ 2023-05-14 15:27:39,463 ] 14 root - INFO: TRAINING PIPELINE INITIATED
[ 2023-05-14 15:27:39,464 ] 29 root - INFO: Data ingestion initiated in ingest() at data_ingestion.py
[ 2023-05-14 15:27:39,465 ] 27 root - INFO: filepath: [C:\Users\U1143589\Learning\iNeuron\ML\Food_delivery_time\dataset\food_delivery.csv] received in utils.read_csv
[ 2023-05-14 15:27:39,643 ] 29 root - INFO: csv read and loaded
[ 2023-05-14 15:27:39,674 ] 31 root - INFO: Input file loaded and returned to ingest() at data_ingestion.py, Dataframe shape: (45584, 20)
       ID Delivery_person_ID  Delivery_person_Age  Delivery_person_Ratings  ...  multiple_deliveries  Festival           City  Time_taken (min)
0  0xcdcd      DEHRES17DEL01                 36.0                      4.2  ...                  3.0        No  Metropolitian                46
1  0xd987      KOCRES16DEL01                 21.0                      4.7  ...                  1.0        No  Metropolitian                23
2  0x2784     PUNERES13DEL03                 23.0                      4.7  ...                  1.0        No  Metropolitian                21
3  0xc8b6     LUDHRES15DEL02                 34.0                      4.3  ...                  0.0        No  Metropolitian                20
4  0xdb64      KNPRES14DEL02                 24.0                      4.7  ...                  1.0        No  Metropolitian                41

[5 rows x 20 columns]
[ 2023-05-14 15:27:39,709 ] 34 root - INFO: Train_test_split achieved - train shape: [(31908, 20)], test shape [(13676, 20)]
[ 2023-05-14 15:27:39,710 ] 44 root - INFO: Dataframe Received for saving. Shape: (31908, 20)
[ 2023-05-14 15:27:40,037 ] 46 root - INFO: Dataframe saved as csv to path - [ C:\Users\U1143589\Learning\iNeuron\ML\Food_delivery_time\artifacts\train.csv ]
[ 2023-05-14 15:27:40,037 ] 37 root - INFO: Train csv saved and confirmed from DataIngestor.ingest() at data_ingestion.py
[ 2023-05-14 15:27:40,037 ] 44 root - INFO: Dataframe Received for saving. Shape: (13676, 20)
[ 2023-05-14 15:27:40,162 ] 46 root - INFO: Dataframe saved as csv to path - [ C:\Users\U1143589\Learning\iNeuron\ML\Food_delivery_time\artifacts\test.csv ]
[ 2023-05-14 15:27:40,162 ] 39 root - INFO: Test csv saved and confirmed from DataIngestor.ingest() at data_ingestion.py
[ 2023-05-14 15:27:40,162 ] 41 root - INFO: Data ingestion completed in DataIngestor.ingest() at data_ingestion.py
[ 2023-05-14 15:27:40,170 ] 22 root - INFO: DATA INGESTION COMPLETE
[ 2023-05-14 15:27:40,170 ] 24 root - INFO: transformation INITIATED in Preprocessor.transform() at data_transformation.py
[ 2023-05-14 15:27:40,170 ] 27 root - INFO: filepath: [C:\Users\U1143589\Learning\iNeuron\ML\Food_delivery_time\artifacts\train.csv] received in utils.read_csv
[ 2023-05-14 15:27:40,276 ] 29 root - INFO: csv read and loaded
[ 2023-05-14 15:27:40,276 ] 27 root - INFO: filepath: [C:\Users\U1143589\Learning\iNeuron\ML\Food_delivery_time\artifacts\test.csv] received in utils.read_csv
[ 2023-05-14 15:27:40,320 ] 29 root - INFO: csv read and loaded
[ 2023-05-14 15:27:40,320 ] 29 root - INFO: train and test csv loaded, train shape: (31908, 20), test shape: (13676, 20)
[ 2023-05-14 15:27:40,320 ] 32 root - INFO: CALLING on utils to clean train and test dfs in Preprocessor.transform() at data_transformation.py, train shape: (31908, 20), test shape: (13676, 20)
[ 2023-05-14 15:27:40,320 ] 87 root - INFO: df received for cleaning in clean() at utils.py, shape: (31908, 20)
[ 2023-05-14 15:27:40,328 ] 89 root - INFO: ID column dropped
[ 2023-05-14 15:27:40,397 ] 97 root - INFO: Records with faulty time dropped
[ 2023-05-14 15:27:40,397 ] 99 root - INFO: df cleaning complete in clean() at utils.py, shape: (31908, 19), and returned
[ 2023-05-14 15:27:40,397 ] 87 root - INFO: df received for cleaning in clean() at utils.py, shape: (13676, 20)
[ 2023-05-14 15:27:40,401 ] 89 root - INFO: ID column dropped
[ 2023-05-14 15:27:40,431 ] 97 root - INFO: Records with faulty time dropped
[ 2023-05-14 15:27:40,431 ] 99 root - INFO: df cleaning complete in clean() at utils.py, shape: (13676, 19), and returned
[ 2023-05-14 15:27:40,431 ] 35 root - INFO: clean train and test dfs RECEIVED in Preprocessor.transform() at data_transformation.py, train shape: (25039, 19), test shape: (10779, 19)
[ 2023-05-14 15:27:40,431 ] 38 root - INFO: CALLING on utils to Feature Engineer train and test dfs in Preprocessor.transform() at data_transformation.py, train shape: (25039, 19), test shape: (10779, 19)
[ 2023-05-14 15:27:40,431 ] 147 root - INFO: df received for Feature engineering, shape: (25039, 19) in apply_feature_engineering() at utils.py
[ 2023-05-14 15:27:40,936 ] 150 root - INFO: Time_Orderd and Time_Order_picked columns converted to hours
[ 2023-05-14 15:27:41,339 ] 155 root - INFO: Order_Date split to Order_Day and Order_Month
[ 2023-05-14 15:27:46,757 ] 161 root - INFO: Geo_Distance column added
[ 2023-05-14 15:27:46,757 ] 163 root - INFO: df feature engineering steps complete in apply_feature_engineering() at utils.py, shape: (25039, 21), and returned
[ 2023-05-14 15:27:46,757 ] 147 root - INFO: df received for Feature engineering, shape: (10779, 19) in apply_feature_engineering() at utils.py
[ 2023-05-14 15:27:46,983 ] 150 root - INFO: Time_Orderd and Time_Order_picked columns converted to hours
[ 2023-05-14 15:27:47,172 ] 155 root - INFO: Order_Date split to Order_Day and Order_Month
[ 2023-05-14 15:27:49,446 ] 161 root - INFO: Geo_Distance column added
[ 2023-05-14 15:27:49,446 ] 163 root - INFO: df feature engineering steps complete in apply_feature_engineering() at utils.py, shape: (10779, 21), and returned
[ 2023-05-14 15:27:49,446 ] 41 root - INFO: Feature Engineered train and test dfs RECEIVED in Preprocessor.transform() at data_transformation.py, train shape: (25039, 21), test shape: (10779, 21)
[ 2023-05-14 15:27:49,452 ] 48 root - INFO: X-y split achieved
[ 2023-05-14 15:27:49,452 ] 51 root - INFO: CALLING on utils to transform train and test dfs in Preprocessor.transform() at data_transformation.py, train shape: (25039, 21), test shape: (10779, 21)
[ 2023-05-14 15:27:49,453 ] 207 root - INFO: dfs recieved for fit-transformation in apply_data_transformations() at utils.py, train_shape:(25039, 20), test_shape: (10779, 20)
[ 2023-05-14 15:27:49,545 ] 54 root - INFO: ColumnTransformer(transformers=[('numeric_imputer',
                                 SimpleImputer(strategy='median'),
                                 ['Delivery_person_Age',
                                  'Delivery_person_Ratings',
                                  'Restaurant_latitude', 'Restaurant_longitude',
                                  'Delivery_location_latitude',
                                  'Delivery_location_longitude', 'Time_Orderd',
                                  'Time_Order_picked', 'Vehicle_condition',
                                  'multiple_deliveries', 'Order_Day',
                                  'Order_Month', 'Geo_Distance']),
                                ('categoric_imputation',
                                 SimpleImputer(strategy='most_frequent'),
                                 ['Delivery_person_ID', 'Weather_conditions',
                                  'Road_traffic_density', 'Type_of_order',
                                  'Type_of_vehicle', 'Festival', 'City'])]) received for shelving in shelve_this_preprocessor() at utils.py
[ 2023-05-14 15:27:49,565 ] 64 root - INFO: [ColumnTransformer(transformers=[('numeric_imputer',
                                 SimpleImputer(strategy='median'),
                                 ['Delivery_person_Age',
                                  'Delivery_person_Ratings',
                                  'Restaurant_latitude', 'Restaurant_longitude',
                                  'Delivery_location_latitude',
                                  'Delivery_location_longitude', 'Time_Orderd',
                                  'Time_Order_picked', 'Vehicle_condition',
                                  'multiple_deliveries', 'Order_Day',
                                  'Order_Month', 'Geo_Distance']),
                                ('categoric_imputation',
                                 SimpleImputer(strategy='most_frequent'),
                                 ['Delivery_person_ID', 'Weather_conditions',
                                  'Road_traffic_density', 'Type_of_order',
                                  'Type_of_vehicle', 'Festival', 'City'])])] shelved with identifier [imputer] in shelve_this_preprocessor() at utils.py
[ 2023-05-14 15:27:49,630 ] 229 root - INFO: imputation completed at utils.py, train_shape:(25039, 20), test_shape: (10779, 20)
 number of train columns with null values [0], number of test columns with null values [0]
[ 2023-05-14 15:27:49,636 ] 54 root - INFO: LabelEncoder() received for shelving in shelve_this_preprocessor() at utils.py
[ 2023-05-14 15:27:49,646 ] 64 root - INFO: [LabelEncoder()] shelved with identifier [encoder_Delivery_person_ID] in shelve_this_preprocessor() at utils.py
[ 2023-05-14 15:27:49,655 ] 54 root - INFO: LabelEncoder() received for shelving in shelve_this_preprocessor() at utils.py
[ 2023-05-14 15:27:49,666 ] 64 root - INFO: [LabelEncoder()] shelved with identifier [encoder_Road_traffic_density] in shelve_this_preprocessor() at utils.py
[ 2023-05-14 15:27:49,673 ] 54 root - INFO: LabelEncoder() received for shelving in shelve_this_preprocessor() at utils.py
[ 2023-05-14 15:27:49,683 ] 64 root - INFO: [LabelEncoder()] shelved with identifier [encoder_Type_of_vehicle] in shelve_this_preprocessor() at utils.py
[ 2023-05-14 15:27:49,689 ] 54 root - INFO: LabelEncoder() received for shelving in shelve_this_preprocessor() at utils.py
[ 2023-05-14 15:27:49,699 ] 64 root - INFO: [LabelEncoder()] shelved with identifier [encoder_City] in shelve_this_preprocessor() at utils.py
[ 2023-05-14 15:27:49,705 ] 54 root - INFO: LabelEncoder() received for shelving in shelve_this_preprocessor() at utils.py
[ 2023-05-14 15:27:49,715 ] 64 root - INFO: [LabelEncoder()] shelved with identifier [encoder_Weather_conditions] in shelve_this_preprocessor() at utils.py
[ 2023-05-14 15:27:49,722 ] 54 root - INFO: LabelEncoder() received for shelving in shelve_this_preprocessor() at utils.py
[ 2023-05-14 15:27:49,731 ] 64 root - INFO: [LabelEncoder()] shelved with identifier [encoder_Type_of_order] in shelve_this_preprocessor() at utils.py
[ 2023-05-14 15:27:49,737 ] 54 root - INFO: LabelEncoder() received for shelving in shelve_this_preprocessor() at utils.py
[ 2023-05-14 15:27:49,747 ] 64 root - INFO: [LabelEncoder()] shelved with identifier [encoder_Festival] in shelve_this_preprocessor() at utils.py
[ 2023-05-14 15:27:49,752 ] 242 root - INFO: encoding completed at utils.py, train_shape:(25039, 20), test_shape: (10779, 20)
[ 2023-05-14 15:27:49,768 ] 243 root - INFO: X_train:
  Delivery_person_Age Delivery_person_Ratings Restaurant_latitude Restaurant_longitude  ... Type_of_order Type_of_vehicle Festival City
0                37.0                     4.4           13.091809            80.219104  ...             2               1        0    0
1                24.0                     4.5           26.846156              75.8023  ...             2               2        0    2
3                25.0                     4.9                 0.0                  0.0  ...             3               2        0    0
4                22.0                     4.9            25.45235            81.841889  ...             2               1        0    0
5                37.0                     4.9           17.440827            78.393391  ...             2               1        0    0

[5 rows x 20 columns]
[ 2023-05-14 15:27:49,843 ] 54 root - INFO: ColumnTransformer(transformers=[('scaler', StandardScaler(),
                                 ['Delivery_person_Age',
                                  'Delivery_person_Ratings',
                                  'Restaurant_latitude', 'Restaurant_longitude',
                                  'Delivery_location_latitude',
                                  'Delivery_location_longitude', 'Time_Orderd',
                                  'Time_Order_picked', 'Vehicle_condition',
                                  'multiple_deliveries', 'Order_Day',
                                  'Order_Month', 'Geo_Distance',
                                  'Delivery_person_ID', 'Weather_conditions',
                                  'Road_traffic_density', 'Type_of_order',
                                  'Type_of_vehicle', 'Festival', 'City'])]) received for shelving in shelve_this_preprocessor() at utils.py
[ 2023-05-14 15:27:49,853 ] 64 root - INFO: [ColumnTransformer(transformers=[('scaler', StandardScaler(),
                                 ['Delivery_person_Age',
                                  'Delivery_person_Ratings',
                                  'Restaurant_latitude', 'Restaurant_longitude',
                                  'Delivery_location_latitude',
                                  'Delivery_location_longitude', 'Time_Orderd',
                                  'Time_Order_picked', 'Vehicle_condition',
                                  'multiple_deliveries', 'Order_Day',
                                  'Order_Month', 'Geo_Distance',
                                  'Delivery_person_ID', 'Weather_conditions',
                                  'Road_traffic_density', 'Type_of_order',
                                  'Type_of_vehicle', 'Festival', 'City'])])] shelved with identifier [scaler] in shelve_this_preprocessor() at utils.py
[ 2023-05-14 15:27:49,924 ] 254 root - INFO: scaling completed at utils.py
[ 2023-05-14 15:27:49,924 ] 256 root - INFO: dfs fit-transformation COMPLETED in apply_data_transformations() at utils.py, train_shape:(25039, 20), test_shape: (10779, 20)
[ 2023-05-14 15:27:49,925 ] 53 root - INFO: Transformed train and test dfs RECEIVED in Preprocessor.transform() at data_transformation.py, train shape: (25039, 21), test shape: (10779, 21)
[ 2023-05-14 15:27:49,967 ] 29 root - INFO: DATA PREPROCESSING COMPLETE
[ 2023-05-14 15:27:49,967 ] 39 root - INFO: model training INITIATED in Trainer.train() at model_trainer.py
[ 2023-05-14 15:27:49,968 ] 47 root - INFO: looping over all algorithms initiated
[ 2023-05-14 15:27:49,969 ] 50 root - INFO: CALLING on utils to evaluate algorithm [LinearRegression] from Trainer.train() at model_trainer.py
[ 2023-05-14 15:27:49,991 ] 53 root - INFO: RETURNED to Trainer.train() at model_trainer.py algorithm after model evaluation of [LinearRegression] with object [LinearRegression(), r2_score is [0.5044367218559292]] 
[ 2023-05-14 15:27:49,991 ] 54 root - INFO: algo performance report updated
[ 2023-05-14 15:27:49,991 ] 50 root - INFO: CALLING on utils to evaluate algorithm [Ridge] from Trainer.train() at model_trainer.py
[ 2023-05-14 15:27:50,001 ] 53 root - INFO: RETURNED to Trainer.train() at model_trainer.py algorithm after model evaluation of [Ridge] with object [Ridge(), r2_score is [0.45413794233034643]] 
[ 2023-05-14 15:27:50,001 ] 54 root - INFO: algo performance report updated
[ 2023-05-14 15:27:50,001 ] 50 root - INFO: CALLING on utils to evaluate algorithm [Lasso] from Trainer.train() at model_trainer.py
[ 2023-05-14 15:27:50,024 ] 53 root - INFO: RETURNED to Trainer.train() at model_trainer.py algorithm after model evaluation of [Lasso] with object [Lasso(), r2_score is [0.3701492944769116]] 
[ 2023-05-14 15:27:50,024 ] 54 root - INFO: algo performance report updated
[ 2023-05-14 15:27:50,024 ] 50 root - INFO: CALLING on utils to evaluate algorithm [ElasticNet] from Trainer.train() at model_trainer.py
[ 2023-05-14 15:27:50,048 ] 53 root - INFO: RETURNED to Trainer.train() at model_trainer.py algorithm after model evaluation of [ElasticNet] with object [ElasticNet(), r2_score is [0.37482899600037645]] 
[ 2023-05-14 15:27:50,049 ] 54 root - INFO: algo performance report updated
[ 2023-05-14 15:27:50,050 ] 58 root - INFO: best algorithm evaluated to be [LinearRegression] with object type [<class 'sklearn.linear_model._base.LinearRegression'>]
[ 2023-05-14 15:27:50,066 ] 62 root - INFO: best model: [LinearRegression] fitted with parameters [{'copy_X': True, 'fit_intercept': True, 'n_jobs': None, 'positive': False}]
[ 2023-05-14 15:27:50,067 ] 64 root - INFO: CALLING on utils to pickle best model
[ 2023-05-14 15:27:50,068 ] 66 root - INFO: RETURNED to to Trainer.train() at model_trainer.py with best model pickled at C:\Users\U1143589\Learning\iNeuron\ML\Food_delivery_time\artifacts\model.pkl
[ 2023-05-14 15:27:50,068 ] 68 root - INFO: model training COMPLETE in Trainer.train() at model_trainer.py
[ 2023-05-14 15:27:50,069 ] 36 root - INFO: MODEL TRAINING COMPLETE
[ 2023-05-14 15:27:50,069 ] 39 root - INFO: TRAINING PIPELINE SUCCESSFULLY TERMINATED
